<?xml version="1.0" encoding="UTF-8"?>
<!-- Generated by org.testng.reporters.JUnitXMLReporter -->
<testsuite hostname="DELL-PC" name="Chrometest" tests="2" failures="2" timestamp="25 Jul 2016 17:00:25 GMT" time="13.946" errors="0">
  <testcase name="Valid_Search" time="2.152" classname="TestScripts.Scenario_Search">
    <failure type="java.lang.AssertionError" message="chrome:GB_09:1.0-Failed as Actual result is 493 and expected results is 491.0.">
      <![CDATA[java.lang.AssertionError: chrome:GB_09:1.0-Failed as Actual result is 493 and expected results is 491.0.
	at TestScripts.Scenario_Search.Valid_Search(Unknown Source)
... Removed 24 stack frames]]>
    </failure>
  </testcase> <!-- Valid_Search -->
  <testcase name="Valid_Search" time="2.042" classname="TestScripts.Scenario_Search">
    <failure type="java.lang.AssertionError" message="chrome:GB_10:1.0-Failed as Actual result is 432 and expected results is 234.0.">
      <![CDATA[java.lang.AssertionError: chrome:GB_10:1.0-Failed as Actual result is 432 and expected results is 234.0.
	at TestScripts.Scenario_Search.Valid_Search(Unknown Source)
... Removed 24 stack frames]]>
    </failure>
  </testcase> <!-- Valid_Search -->
</testsuite> <!-- Chrometest -->
