<?xml version="1.0" encoding="UTF-8"?>
<!-- Generated by org.testng.reporters.JUnitXMLReporter -->
<testsuite hostname="DELL-PC" name="firefoxTest1" tests="1" failures="1" timestamp="22 Sep 2016 01:02:56 GMT" time="25.329" errors="0">
  <testcase name="Invalid_Search" time="16.506" classname="TestScripts.Scenario_Search">
    <failure type="java.lang.AssertionError" message="GB_08:1.0-Failed as Actual result is Sorry..&amp;apos;hjfd&amp;apos; does not match any product on Rediff Books. and expected results is Sorry..&amp;apos;hjfd&amp;apos; oes not match any product on Rediff Books..">
      <![CDATA[java.lang.AssertionError: GB_08:1.0-Failed as Actual result is Sorry..'hjfd' does not match any product on Rediff Books. and expected results is Sorry..'hjfd' oes not match any product on Rediff Books..
	at TestScripts.Scenario_Search.Invalid_Search(Scenario_Search.java:46)
... Removed 25 stack frames]]>
    </failure>
  </testcase> <!-- Invalid_Search -->
</testsuite> <!-- firefoxTest1 -->
