<!DOCTYPE html>

<html>
  <head>
  <title>TestNG reports</title>

    <link type="text/css" href="testng-reports.css" rel="stylesheet" />  
    <script type="text/javascript" src="jquery-1.7.1.min.js"></script>
    <script type="text/javascript" src="testng-reports.js"></script>
    <script type="text/javascript" src="https://www.google.com/jsapi"></script>
    <script type='text/javascript'>
      google.load('visualization', '1', {packages:['table']});
      google.setOnLoadCallback(drawTable);
      var suiteTableInitFunctions = new Array();
      var suiteTableData = new Array();
    </script>
    <!--
      <script type="text/javascript" src="jquery-ui/js/jquery-ui-1.8.16.custom.min.js"></script>
     -->
  </head>

  <body>
    <div class="top-banner-root">
      <span class="top-banner-title-font">Test results</span>
      <br/>
      <span class="top-banner-font-1">1 suite, 8 failed tests</span>
    </div> <!-- top-banner-root -->
    <div class="navigator-root">
      <div class="navigator-suite-header">
        <span>All suites</span>
        <a href="#" class="collapse-all-link" title="Collapse/expand all the suites">
          <img class="collapse-all-icon" src="collapseall.gif">
          </img> <!-- collapse-all-icon -->
        </a> <!-- collapse-all-link -->
      </div> <!-- navigator-suite-header -->
      <div class="suite">
        <div class="rounded-window">
          <div class="suite-header light-rounded-window-top">
            <a href="#" class="navigator-link" panel-name="suite-Suite">
              <span class="suite-name border-failed">Suite</span>
            </a> <!-- navigator-link -->
          </div> <!-- suite-header light-rounded-window-top -->
          <div class="navigator-suite-content">
            <div class="suite-section-title">
              <span>Info</span>
            </div> <!-- suite-section-title -->
            <div class="suite-section-content">
              <ul>
                <li>
                  <a href="#" class="navigator-link " panel-name="test-xml-Suite">
                    <span>E:\workspace\Framework\testng_crossbrowser.xml</span>
                  </a> <!-- navigator-link  -->
                </li>
                <li>
                  <a href="#" class="navigator-link " panel-name="testlist-Suite">
                    <span class="test-stats">3 tests</span>
                  </a> <!-- navigator-link  -->
                </li>
                <li>
                  <a href="#" class="navigator-link " panel-name="group-Suite">
                    <span>2 groups</span>
                  </a> <!-- navigator-link  -->
                </li>
                <li>
                  <a href="#" class="navigator-link " panel-name="times-Suite">
                    <span>Times</span>
                  </a> <!-- navigator-link  -->
                </li>
                <li>
                  <a href="#" class="navigator-link " panel-name="reporter-Suite">
                    <span>Reporter output</span>
                  </a> <!-- navigator-link  -->
                </li>
                <li>
                  <a href="#" class="navigator-link " panel-name="ignored-methods-Suite">
                    <span>Ignored methods</span>
                  </a> <!-- navigator-link  -->
                </li>
                <li>
                  <a href="#" class="navigator-link " panel-name="chronological-Suite">
                    <span>Chronological view</span>
                  </a> <!-- navigator-link  -->
                </li>
              </ul>
            </div> <!-- suite-section-content -->
            <div class="result-section">
              <div class="suite-section-title">
                <span>Results</span>
              </div> <!-- suite-section-title -->
              <div class="suite-section-content">
                <ul>
                  <li>
                    <span class="method-stats">18 methods, 8 failed,   10 passed</span>
                  </li>
                  <li>
                    <span class="method-list-title failed">Failed methods</span>
                    <span class="show-or-hide-methods failed">
                      <a href="#" panel-name="suite-Suite" class="hide-methods failed suite-Suite"> (hide)</a> <!-- hide-methods failed suite-Suite -->
                      <a href="#" panel-name="suite-Suite" class="show-methods failed suite-Suite"> (show)</a> <!-- show-methods failed suite-Suite -->
                    </span>
                    <div class="method-list-content failed suite-Suite">
                      <span>
                        <img width="3%" src="failed.png"/>
                        <a href="#" class="method navigator-link" panel-name="suite-Suite" title="TestScripts.Scenario_Login" hash-for-method="Invalid_Login(GB_01, 1.0, kjdf, zhfdk, Sorry we were unable to complete this step because :)">Invalid_Login(GB_01, 1.0, kjdf, zhfdk, Sorry we were unable to complete this step because :)</a> <!-- method navigator-link -->
                      </span>
                      <br/>
                      <span>
                        <img width="3%" src="failed.png"/>
                        <a href="#" class="method navigator-link" panel-name="suite-Suite" title="TestScripts.Scenario_Login" hash-for-method="Invalid_Login(GB_06, 1.0, , , Sorry we were unable to complete this step because :)">Invalid_Login(GB_06, 1.0, , , Sorry we were unable to complete this step because :)</a> <!-- method navigator-link -->
                      </span>
                      <br/>
                      <span>
                        <img width="3%" src="failed.png"/>
                        <a href="#" class="method navigator-link" panel-name="suite-Suite" title="TestScripts.Scenario_Login" hash-for-method="Invalid_Login(GB_03, 1.0, qtpworld2008@gmail.com, skfdjh, Sorry we were unable to complete this step because :)">Invalid_Login(GB_03, 1.0, qtpworld2008@gmail.com, skfdjh, Sorry we were unable to complete this step because :)</a> <!-- method navigator-link -->
                      </span>
                      <br/>
                      <span>
                        <img width="3%" src="failed.png"/>
                        <a href="#" class="method navigator-link" panel-name="suite-Suite" title="TestScripts.Scenario_Login" hash-for-method="Invalid_Login(GB_02, 2.0, kasd, learn123, Sorry we were unable to complete this step because :)">Invalid_Login(GB_02, 2.0, kasd, learn123, Sorry we were unable to complete this step because :)</a> <!-- method navigator-link -->
                      </span>
                      <br/>
                      <span>
                        <img width="3%" src="failed.png"/>
                        <a href="#" class="method navigator-link" panel-name="suite-Suite" title="TestScripts.Scenario_Login" hash-for-method="Invalid_Login(GB_01, 1.0, kjdf, zhfdk, Sorry we were unable to complete this step because :)">Invalid_Login(GB_01, 1.0, kjdf, zhfdk, Sorry we were unable to complete this step because :)</a> <!-- method navigator-link -->
                      </span>
                      <br/>
                      <span>
                        <img width="3%" src="failed.png"/>
                        <a href="#" class="method navigator-link" panel-name="suite-Suite" title="TestScripts.Scenario_Login" hash-for-method="Invalid_Login(GB_04, 1.0, , learn123, Sorry we were unable to complete this step because :)">Invalid_Login(GB_04, 1.0, , learn123, Sorry we were unable to complete this step because :)</a> <!-- method navigator-link -->
                      </span>
                      <br/>
                      <span>
                        <img width="3%" src="failed.png"/>
                        <a href="#" class="method navigator-link" panel-name="suite-Suite" title="TestScripts.Scenario_Login" hash-for-method="Invalid_Login(GB_05, 1.0, qtpworld2008@gmail.com, , Sorry we were unable to complete this step because :)">Invalid_Login(GB_05, 1.0, qtpworld2008@gmail.com, , Sorry we were unable to complete this step because :)</a> <!-- method navigator-link -->
                      </span>
                      <br/>
                      <span>
                        <img width="3%" src="failed.png"/>
                        <a href="#" class="method navigator-link" panel-name="suite-Suite" title="TestScripts.Scenario_Login" hash-for-method="Invalid_Login(GB_06, 1.0, , , Sorry we were unable to complete this step because :)">Invalid_Login(GB_06, 1.0, , , Sorry we were unable to complete this step because :)</a> <!-- method navigator-link -->
                      </span>
                      <br/>
                    </div> <!-- method-list-content failed suite-Suite -->
                  </li>
                  <li>
                    <span class="method-list-title passed">Passed methods</span>
                    <span class="show-or-hide-methods passed">
                      <a href="#" panel-name="suite-Suite" class="hide-methods passed suite-Suite"> (hide)</a> <!-- hide-methods passed suite-Suite -->
                      <a href="#" panel-name="suite-Suite" class="show-methods passed suite-Suite"> (show)</a> <!-- show-methods passed suite-Suite -->
                    </span>
                    <div class="method-list-content passed suite-Suite">
                      <span>
                        <img width="3%" src="passed.png"/>
                        <a href="#" class="method navigator-link" panel-name="suite-Suite" title="TestScripts.Scenario_Login" hash-for-method="Invalid_Login(GB_05, 1.0, qtpworld2008@gmail.com, , Sorry we were unable to complete this step because :)">Invalid_Login(GB_05, 1.0, qtpworld2008@gmail.com, , Sorry we were unable to complete this step because :)</a> <!-- method navigator-link -->
                      </span>
                      <br/>
                      <span>
                        <img width="3%" src="passed.png"/>
                        <a href="#" class="method navigator-link" panel-name="suite-Suite" title="TestScripts.Scenario_Login" hash-for-method="Invalid_Login(GB_02, 2.0, kasd, learn123, Sorry we were unable to complete this step because :)">Invalid_Login(GB_02, 2.0, kasd, learn123, Sorry we were unable to complete this step because :)</a> <!-- method navigator-link -->
                      </span>
                      <br/>
                      <span>
                        <img width="3%" src="passed.png"/>
                        <a href="#" class="method navigator-link" panel-name="suite-Suite" title="TestScripts.Scenario_Login" hash-for-method="Invalid_Login(GB_04, 1.0, , learn123, Sorry we were unable to complete this step because :)">Invalid_Login(GB_04, 1.0, , learn123, Sorry we were unable to complete this step because :)</a> <!-- method navigator-link -->
                      </span>
                      <br/>
                      <span>
                        <img width="3%" src="passed.png"/>
                        <a href="#" class="method navigator-link" panel-name="suite-Suite" title="TestScripts.Scenario_Login" hash-for-method="Invalid_Login(GB_03, 1.0, qtpworld2008@gmail.com, skfdjh, Sorry we were unable to complete this step because :)">Invalid_Login(GB_03, 1.0, qtpworld2008@gmail.com, skfdjh, Sorry we were unable to complete this step because :)</a> <!-- method navigator-link -->
                      </span>
                      <br/>
                      <span>
                        <img width="3%" src="passed.png"/>
                        <a href="#" class="method navigator-link" panel-name="suite-Suite" title="TestScripts.Scenario_Login" hash-for-method="Invalid_Login(GB_06, 1.0, , , Sorry we were unable to complete this step because :)">Invalid_Login(GB_06, 1.0, , , Sorry we were unable to complete this step because :)</a> <!-- method navigator-link -->
                      </span>
                      <br/>
                      <span>
                        <img width="3%" src="passed.png"/>
                        <a href="#" class="method navigator-link" panel-name="suite-Suite" title="TestScripts.Scenario_Login" hash-for-method="Invalid_Login(GB_02, 2.0, kasd, learn123, Sorry we were unable to complete this step because :)">Invalid_Login(GB_02, 2.0, kasd, learn123, Sorry we were unable to complete this step because :)</a> <!-- method navigator-link -->
                      </span>
                      <br/>
                      <span>
                        <img width="3%" src="passed.png"/>
                        <a href="#" class="method navigator-link" panel-name="suite-Suite" title="TestScripts.Scenario_Login" hash-for-method="Invalid_Login(GB_03, 1.0, qtpworld2008@gmail.com, skfdjh, Sorry we were unable to complete this step because :)">Invalid_Login(GB_03, 1.0, qtpworld2008@gmail.com, skfdjh, Sorry we were unable to complete this step because :)</a> <!-- method navigator-link -->
                      </span>
                      <br/>
                      <span>
                        <img width="3%" src="passed.png"/>
                        <a href="#" class="method navigator-link" panel-name="suite-Suite" title="TestScripts.Scenario_Login" hash-for-method="Invalid_Login(GB_05, 1.0, qtpworld2008@gmail.com, , Sorry we were unable to complete this step because :)">Invalid_Login(GB_05, 1.0, qtpworld2008@gmail.com, , Sorry we were unable to complete this step because :)</a> <!-- method navigator-link -->
                      </span>
                      <br/>
                      <span>
                        <img width="3%" src="passed.png"/>
                        <a href="#" class="method navigator-link" panel-name="suite-Suite" title="TestScripts.Scenario_Login" hash-for-method="Invalid_Login(GB_01, 1.0, kjdf, zhfdk, Sorry we were unable to complete this step because :)">Invalid_Login(GB_01, 1.0, kjdf, zhfdk, Sorry we were unable to complete this step because :)</a> <!-- method navigator-link -->
                      </span>
                      <br/>
                      <span>
                        <img width="3%" src="passed.png"/>
                        <a href="#" class="method navigator-link" panel-name="suite-Suite" title="TestScripts.Scenario_Login" hash-for-method="Invalid_Login(GB_04, 1.0, , learn123, Sorry we were unable to complete this step because :)">Invalid_Login(GB_04, 1.0, , learn123, Sorry we were unable to complete this step because :)</a> <!-- method navigator-link -->
                      </span>
                      <br/>
                    </div> <!-- method-list-content passed suite-Suite -->
                  </li>
                </ul>
              </div> <!-- suite-section-content -->
            </div> <!-- result-section -->
          </div> <!-- navigator-suite-content -->
        </div> <!-- rounded-window -->
      </div> <!-- suite -->
    </div> <!-- navigator-root -->
    <div class="wrapper">
      <div class="main-panel-root">
        <div panel-name="suite-Suite" class="panel Suite">
          <div class="suite-Suite-class-failed">
            <div class="main-panel-header rounded-window-top">
              <img src="failed.png"/>
              <span class="class-name">TestScripts.Scenario_Login</span>
            </div> <!-- main-panel-header rounded-window-top -->
            <div class="main-panel-content rounded-window-bottom">
              <div class="method">
                <div class="method-content">
                  <a name="Invalid_Login(GB_01, 1.0, kjdf, zhfdk, Sorry we were unable to complete this step because :)">
                  </a> <!-- Invalid_Login(GB_01, 1.0, kjdf, zhfdk, Sorry we were unable to complete this step because :) -->
                  <span class="method-name">Invalid_Login</span>
                  <span class="parameters">(GB_01, 1.0, kjdf, zhfdk, Sorry we were unable to complete this step because :)</span>
                  <div class="stack-trace">org.openqa.selenium.NoSuchElementException: Unable to find element with name == logid (WARNING: The server did not provide any stacktrace information)
Command duration or timeout: 578 milliseconds
For documentation on this error, please visit: http://seleniumhq.org/exceptions/no_such_element.html
Build info: version: &apos;2.53.0&apos;, revision: &apos;35ae25b1534ae328c771e0856c93e187490ca824&apos;, time: &apos;2016-03-15 10:43:46&apos;
System info: host: &apos;DELL-PC&apos;, ip: &apos;192.168.0.103&apos;, os.name: &apos;Windows 7&apos;, os.arch: &apos;x86&apos;, os.version: &apos;6.1&apos;, java.version: &apos;1.8.0_101&apos;
Driver info: org.openqa.selenium.ie.InternetExplorerDriver
Capabilities [{browserAttachTimeout=0, ie.enableFullPageScreenshot=true, enablePersistentHover=true, ie.forceCreateProcessApi=false, ie.forceShellWindowsApi=false, pageLoadStrategy=normal, ignoreZoomSetting=false, ie.fileUploadDialogTimeout=3000, version=10, platform=WINDOWS, nativeEvents=true, ie.ensureCleanSession=false, elementScrollBehavior=0, ie.browserCommandLineSwitches=, requireWindowFocus=false, browserName=internet explorer, initialBrowserUrl=http://localhost:18181/, javascriptEnabled=true, ignoreProtectedModeSettings=false, enableElementCacheCleanup=true, unexpectedAlertBehaviour=dismiss}]
Session ID: d0702c4f-bdc3-4d87-a3d7-e345b6f1afc4
*** Element info: {Using=name, value=logid}
	at org.openqa.selenium.remote.ErrorHandler.createThrowable(ErrorHandler.java:206)
	at org.openqa.selenium.remote.ErrorHandler.throwIfResponseFailed(ErrorHandler.java:158)
	at org.openqa.selenium.remote.RemoteWebDriver.execute(RemoteWebDriver.java:678)
	at org.openqa.selenium.remote.RemoteWebDriver.findElement(RemoteWebDriver.java:363)
	at org.openqa.selenium.remote.RemoteWebDriver.findElementByName(RemoteWebDriver.java:461)
	at org.openqa.selenium.By$ByName.findElement(By.java:303)
	at org.openqa.selenium.remote.RemoteWebDriver.findElement(RemoteWebDriver.java:355)
	at org.openqa.selenium.support.pagefactory.DefaultElementLocator.findElement(DefaultElementLocator.java:69)
	at org.openqa.selenium.support.pagefactory.internal.LocatingElementHandler.invoke(LocatingElementHandler.java:38)
	at com.sun.proxy.$Proxy11.sendKeys(Unknown Source)
	at PageObjectFactory.Pagefactory_Login.enter_username(Pagefactory_Login.java:42)
	at PageObjectFactory.Pagefactory_Login.Enter_logindetails(Pagefactory_Login.java:59)
	at TestScripts.Scenario_Login.Invalid_Login(Scenario_Login.java:48)
	at java.util.concurrent.FutureTask.run(FutureTask.java:266)
	at java.util.concurrent.ThreadPoolExecutor.runWorker(ThreadPoolExecutor.java:1142)
	at java.util.concurrent.ThreadPoolExecutor$Worker.run(ThreadPoolExecutor.java:617)
	at java.lang.Thread.run(Thread.java:745)
... Removed 20 stack frames
</div> <!-- stack-trace -->
                </div> <!-- method-content -->
              </div> <!-- method -->
              <div class="method">
                <div class="method-content">
                  <a name="Invalid_Login(GB_06, 1.0, , , Sorry we were unable to complete this step because :)">
                  </a> <!-- Invalid_Login(GB_06, 1.0, , , Sorry we were unable to complete this step because :) -->
                  <span class="method-name">Invalid_Login</span>
                  <span class="parameters">(GB_06, 1.0, , , Sorry we were unable to complete this step because :)</span>
                  <div class="stack-trace">org.openqa.selenium.NoSuchElementException: Unable to find element with name == logid (WARNING: The server did not provide any stacktrace information)
Command duration or timeout: 429 milliseconds
For documentation on this error, please visit: http://seleniumhq.org/exceptions/no_such_element.html
Build info: version: &apos;2.53.0&apos;, revision: &apos;35ae25b1534ae328c771e0856c93e187490ca824&apos;, time: &apos;2016-03-15 10:43:46&apos;
System info: host: &apos;DELL-PC&apos;, ip: &apos;192.168.0.103&apos;, os.name: &apos;Windows 7&apos;, os.arch: &apos;x86&apos;, os.version: &apos;6.1&apos;, java.version: &apos;1.8.0_101&apos;
Driver info: org.openqa.selenium.ie.InternetExplorerDriver
Capabilities [{browserAttachTimeout=0, ie.enableFullPageScreenshot=true, enablePersistentHover=true, ie.forceCreateProcessApi=false, ie.forceShellWindowsApi=false, pageLoadStrategy=normal, ignoreZoomSetting=false, ie.fileUploadDialogTimeout=3000, version=10, platform=WINDOWS, nativeEvents=true, ie.ensureCleanSession=false, elementScrollBehavior=0, ie.browserCommandLineSwitches=, requireWindowFocus=false, browserName=internet explorer, initialBrowserUrl=http://localhost:40015/, javascriptEnabled=true, ignoreProtectedModeSettings=false, enableElementCacheCleanup=true, unexpectedAlertBehaviour=dismiss}]
Session ID: e3552cc2-e601-4c59-907c-c98307a8eebb
*** Element info: {Using=name, value=logid}
	at org.openqa.selenium.remote.ErrorHandler.createThrowable(ErrorHandler.java:206)
	at org.openqa.selenium.remote.ErrorHandler.throwIfResponseFailed(ErrorHandler.java:158)
	at org.openqa.selenium.remote.RemoteWebDriver.execute(RemoteWebDriver.java:678)
	at org.openqa.selenium.remote.RemoteWebDriver.findElement(RemoteWebDriver.java:363)
	at org.openqa.selenium.remote.RemoteWebDriver.findElementByName(RemoteWebDriver.java:461)
	at org.openqa.selenium.By$ByName.findElement(By.java:303)
	at org.openqa.selenium.remote.RemoteWebDriver.findElement(RemoteWebDriver.java:355)
	at org.openqa.selenium.support.pagefactory.DefaultElementLocator.findElement(DefaultElementLocator.java:69)
	at org.openqa.selenium.support.pagefactory.internal.LocatingElementHandler.invoke(LocatingElementHandler.java:38)
	at com.sun.proxy.$Proxy11.sendKeys(Unknown Source)
	at PageObjectFactory.Pagefactory_Login.enter_username(Pagefactory_Login.java:42)
	at PageObjectFactory.Pagefactory_Login.Enter_logindetails(Pagefactory_Login.java:59)
	at TestScripts.Scenario_Login.Invalid_Login(Scenario_Login.java:48)
	at java.util.concurrent.FutureTask.run(FutureTask.java:266)
	at java.util.concurrent.ThreadPoolExecutor.runWorker(ThreadPoolExecutor.java:1142)
	at java.util.concurrent.ThreadPoolExecutor$Worker.run(ThreadPoolExecutor.java:617)
	at java.lang.Thread.run(Thread.java:745)
... Removed 20 stack frames
</div> <!-- stack-trace -->
                </div> <!-- method-content -->
              </div> <!-- method -->
              <div class="method">
                <div class="method-content">
                  <a name="Invalid_Login(GB_03, 1.0, qtpworld2008@gmail.com, skfdjh, Sorry we were unable to complete this step because :)">
                  </a> <!-- Invalid_Login(GB_03, 1.0, qtpworld2008@gmail.com, skfdjh, Sorry we were unable to complete this step because :) -->
                  <span class="method-name">Invalid_Login</span>
                  <span class="parameters">(GB_03, 1.0, qtpworld2008@gmail.com, skfdjh, Sorry we were unable to complete this step because :)</span>
                  <div class="stack-trace">org.openqa.selenium.NoSuchElementException: Unable to find element with xpath == //b[contains(text(),&apos;Sorry we were unable to complete this step because :&apos;)] (WARNING: The server did not provide any stacktrace information)
Command duration or timeout: 781 milliseconds
For documentation on this error, please visit: http://seleniumhq.org/exceptions/no_such_element.html
Build info: version: &apos;2.53.0&apos;, revision: &apos;35ae25b1534ae328c771e0856c93e187490ca824&apos;, time: &apos;2016-03-15 10:43:46&apos;
System info: host: &apos;DELL-PC&apos;, ip: &apos;192.168.0.103&apos;, os.name: &apos;Windows 7&apos;, os.arch: &apos;x86&apos;, os.version: &apos;6.1&apos;, java.version: &apos;1.8.0_101&apos;
Driver info: org.openqa.selenium.ie.InternetExplorerDriver
Capabilities [{browserAttachTimeout=0, ie.enableFullPageScreenshot=true, enablePersistentHover=true, ie.forceCreateProcessApi=false, ie.forceShellWindowsApi=false, pageLoadStrategy=normal, ignoreZoomSetting=false, ie.fileUploadDialogTimeout=3000, version=10, platform=WINDOWS, nativeEvents=true, ie.ensureCleanSession=false, elementScrollBehavior=0, ie.browserCommandLineSwitches=, requireWindowFocus=false, browserName=internet explorer, initialBrowserUrl=http://localhost:13203/, javascriptEnabled=true, ignoreProtectedModeSettings=false, enableElementCacheCleanup=true, unexpectedAlertBehaviour=dismiss}]
Session ID: c416d066-02eb-4a9d-84e3-d47fb84dc45e
*** Element info: {Using=xpath, value=//b[contains(text(),&apos;Sorry we were unable to complete this step because :&apos;)]}
	at org.openqa.selenium.remote.ErrorHandler.createThrowable(ErrorHandler.java:206)
	at org.openqa.selenium.remote.ErrorHandler.throwIfResponseFailed(ErrorHandler.java:158)
	at org.openqa.selenium.remote.RemoteWebDriver.execute(RemoteWebDriver.java:678)
	at org.openqa.selenium.remote.RemoteWebDriver.findElement(RemoteWebDriver.java:363)
	at org.openqa.selenium.remote.RemoteWebDriver.findElementByXPath(RemoteWebDriver.java:500)
	at org.openqa.selenium.By$ByXPath.findElement(By.java:361)
	at org.openqa.selenium.remote.RemoteWebDriver.findElement(RemoteWebDriver.java:355)
	at org.openqa.selenium.support.pagefactory.DefaultElementLocator.findElement(DefaultElementLocator.java:69)
	at org.openqa.selenium.support.pagefactory.internal.LocatingElementHandler.invoke(LocatingElementHandler.java:38)
	at com.sun.proxy.$Proxy11.getText(Unknown Source)
	at PageObjectFactory.Pagefactory_Login.extract_invalidLoginMessage(Pagefactory_Login.java:52)
	at TestScripts.Scenario_Login.Invalid_Login(Scenario_Login.java:53)
	at java.util.concurrent.FutureTask.run(FutureTask.java:266)
	at java.util.concurrent.ThreadPoolExecutor.runWorker(ThreadPoolExecutor.java:1142)
	at java.util.concurrent.ThreadPoolExecutor$Worker.run(ThreadPoolExecutor.java:617)
	at java.lang.Thread.run(Thread.java:745)
... Removed 20 stack frames
</div> <!-- stack-trace -->
                </div> <!-- method-content -->
              </div> <!-- method -->
              <div class="method">
                <div class="method-content">
                  <a name="Invalid_Login(GB_02, 2.0, kasd, learn123, Sorry we were unable to complete this step because :)">
                  </a> <!-- Invalid_Login(GB_02, 2.0, kasd, learn123, Sorry we were unable to complete this step because :) -->
                  <span class="method-name">Invalid_Login</span>
                  <span class="parameters">(GB_02, 2.0, kasd, learn123, Sorry we were unable to complete this step because :)</span>
                  <div class="stack-trace">org.openqa.selenium.NoSuchElementException: no such element
  (Session info: chrome=53.0.2785.116)
  (Driver info: chromedriver=2.9.248315,platform=Windows NT 6.1 SP1 x86) (WARNING: The server did not provide any stacktrace information)
Command duration or timeout: 1.61 seconds
For documentation on this error, please visit: http://seleniumhq.org/exceptions/no_such_element.html
Build info: version: &apos;2.53.0&apos;, revision: &apos;35ae25b1534ae328c771e0856c93e187490ca824&apos;, time: &apos;2016-03-15 10:43:46&apos;
System info: host: &apos;DELL-PC&apos;, ip: &apos;192.168.0.103&apos;, os.name: &apos;Windows 7&apos;, os.arch: &apos;x86&apos;, os.version: &apos;6.1&apos;, java.version: &apos;1.8.0_101&apos;
Driver info: org.openqa.selenium.chrome.ChromeDriver
Capabilities [{applicationCacheEnabled=false, rotatable=false, chrome={userDataDir=C:\Users\DELL\AppData\Local\Temp\scoped_dir11216_22640}, takesHeapSnapshot=true, databaseEnabled=false, handlesAlerts=true, version=53.0.2785.116, platform=XP, browserConnectionEnabled=false, nativeEvents=true, acceptSslCerts=true, locationContextEnabled=true, webStorageEnabled=true, browserName=chrome, takesScreenshot=true, javascriptEnabled=true, cssSelectorsEnabled=true}]
Session ID: 4f1f4d1225fea2511abd4f740ef555a2
*** Element info: {Using=name, value=logid}
	at org.openqa.selenium.remote.ErrorHandler.createThrowable(ErrorHandler.java:206)
	at org.openqa.selenium.remote.ErrorHandler.throwIfResponseFailed(ErrorHandler.java:158)
	at org.openqa.selenium.remote.RemoteWebDriver.execute(RemoteWebDriver.java:678)
	at org.openqa.selenium.remote.RemoteWebDriver.findElement(RemoteWebDriver.java:363)
	at org.openqa.selenium.remote.RemoteWebDriver.findElementByName(RemoteWebDriver.java:461)
	at org.openqa.selenium.By$ByName.findElement(By.java:303)
	at org.openqa.selenium.remote.RemoteWebDriver.findElement(RemoteWebDriver.java:355)
	at org.openqa.selenium.support.pagefactory.DefaultElementLocator.findElement(DefaultElementLocator.java:69)
	at org.openqa.selenium.support.pagefactory.internal.LocatingElementHandler.invoke(LocatingElementHandler.java:38)
	at com.sun.proxy.$Proxy11.sendKeys(Unknown Source)
	at PageObjectFactory.Pagefactory_Login.enter_username(Pagefactory_Login.java:42)
	at PageObjectFactory.Pagefactory_Login.Enter_logindetails(Pagefactory_Login.java:59)
	at TestScripts.Scenario_Login.Invalid_Login(Scenario_Login.java:48)
	at java.util.concurrent.FutureTask.run(FutureTask.java:266)
	at java.util.concurrent.ThreadPoolExecutor.runWorker(ThreadPoolExecutor.java:1142)
	at java.util.concurrent.ThreadPoolExecutor$Worker.run(ThreadPoolExecutor.java:617)
	at java.lang.Thread.run(Thread.java:745)
... Removed 20 stack frames
</div> <!-- stack-trace -->
                </div> <!-- method-content -->
              </div> <!-- method -->
              <div class="method">
                <div class="method-content">
                  <a name="Invalid_Login(GB_01, 1.0, kjdf, zhfdk, Sorry we were unable to complete this step because :)">
                  </a> <!-- Invalid_Login(GB_01, 1.0, kjdf, zhfdk, Sorry we were unable to complete this step because :) -->
                  <span class="method-name">Invalid_Login</span>
                  <span class="parameters">(GB_01, 1.0, kjdf, zhfdk, Sorry we were unable to complete this step because :)</span>
                  <div class="stack-trace">org.openqa.selenium.NoSuchElementException: no such element
  (Session info: chrome=53.0.2785.116)
  (Driver info: chromedriver=2.9.248315,platform=Windows NT 6.1 SP1 x86) (WARNING: The server did not provide any stacktrace information)
Command duration or timeout: 1.11 seconds
For documentation on this error, please visit: http://seleniumhq.org/exceptions/no_such_element.html
Build info: version: &apos;2.53.0&apos;, revision: &apos;35ae25b1534ae328c771e0856c93e187490ca824&apos;, time: &apos;2016-03-15 10:43:46&apos;
System info: host: &apos;DELL-PC&apos;, ip: &apos;192.168.0.103&apos;, os.name: &apos;Windows 7&apos;, os.arch: &apos;x86&apos;, os.version: &apos;6.1&apos;, java.version: &apos;1.8.0_101&apos;
Driver info: org.openqa.selenium.chrome.ChromeDriver
Capabilities [{applicationCacheEnabled=false, rotatable=false, chrome={userDataDir=C:\Users\DELL\AppData\Local\Temp\scoped_dir10672_15213}, takesHeapSnapshot=true, databaseEnabled=false, handlesAlerts=true, version=53.0.2785.116, platform=XP, browserConnectionEnabled=false, nativeEvents=true, acceptSslCerts=true, locationContextEnabled=true, webStorageEnabled=true, browserName=chrome, takesScreenshot=true, javascriptEnabled=true, cssSelectorsEnabled=true}]
Session ID: d00db8dcb2ef52297b17812a97e429f5
*** Element info: {Using=name, value=logid}
	at org.openqa.selenium.remote.ErrorHandler.createThrowable(ErrorHandler.java:206)
	at org.openqa.selenium.remote.ErrorHandler.throwIfResponseFailed(ErrorHandler.java:158)
	at org.openqa.selenium.remote.RemoteWebDriver.execute(RemoteWebDriver.java:678)
	at org.openqa.selenium.remote.RemoteWebDriver.findElement(RemoteWebDriver.java:363)
	at org.openqa.selenium.remote.RemoteWebDriver.findElementByName(RemoteWebDriver.java:461)
	at org.openqa.selenium.By$ByName.findElement(By.java:303)
	at org.openqa.selenium.remote.RemoteWebDriver.findElement(RemoteWebDriver.java:355)
	at org.openqa.selenium.support.pagefactory.DefaultElementLocator.findElement(DefaultElementLocator.java:69)
	at org.openqa.selenium.support.pagefactory.internal.LocatingElementHandler.invoke(LocatingElementHandler.java:38)
	at com.sun.proxy.$Proxy11.sendKeys(Unknown Source)
	at PageObjectFactory.Pagefactory_Login.enter_username(Pagefactory_Login.java:42)
	at PageObjectFactory.Pagefactory_Login.Enter_logindetails(Pagefactory_Login.java:59)
	at TestScripts.Scenario_Login.Invalid_Login(Scenario_Login.java:48)
	at java.util.concurrent.FutureTask.run(FutureTask.java:266)
	at java.util.concurrent.ThreadPoolExecutor.runWorker(ThreadPoolExecutor.java:1142)
	at java.util.concurrent.ThreadPoolExecutor$Worker.run(ThreadPoolExecutor.java:617)
	at java.lang.Thread.run(Thread.java:745)
... Removed 20 stack frames
</div> <!-- stack-trace -->
                </div> <!-- method-content -->
              </div> <!-- method -->
              <div class="method">
                <div class="method-content">
                  <a name="Invalid_Login(GB_04, 1.0, , learn123, Sorry we were unable to complete this step because :)">
                  </a> <!-- Invalid_Login(GB_04, 1.0, , learn123, Sorry we were unable to complete this step because :) -->
                  <span class="method-name">Invalid_Login</span>
                  <span class="parameters">(GB_04, 1.0, , learn123, Sorry we were unable to complete this step because :)</span>
                  <div class="stack-trace">org.openqa.selenium.NoSuchElementException: no such element
  (Session info: chrome=53.0.2785.116)
  (Driver info: chromedriver=2.9.248315,platform=Windows NT 6.1 SP1 x86) (WARNING: The server did not provide any stacktrace information)
Command duration or timeout: 895 milliseconds
For documentation on this error, please visit: http://seleniumhq.org/exceptions/no_such_element.html
Build info: version: &apos;2.53.0&apos;, revision: &apos;35ae25b1534ae328c771e0856c93e187490ca824&apos;, time: &apos;2016-03-15 10:43:46&apos;
System info: host: &apos;DELL-PC&apos;, ip: &apos;192.168.0.103&apos;, os.name: &apos;Windows 7&apos;, os.arch: &apos;x86&apos;, os.version: &apos;6.1&apos;, java.version: &apos;1.8.0_101&apos;
Driver info: org.openqa.selenium.chrome.ChromeDriver
Capabilities [{applicationCacheEnabled=false, rotatable=false, chrome={userDataDir=C:\Users\DELL\AppData\Local\Temp\scoped_dir9744_22031}, takesHeapSnapshot=true, databaseEnabled=false, handlesAlerts=true, version=53.0.2785.116, platform=XP, browserConnectionEnabled=false, nativeEvents=true, acceptSslCerts=true, locationContextEnabled=true, webStorageEnabled=true, browserName=chrome, takesScreenshot=true, javascriptEnabled=true, cssSelectorsEnabled=true}]
Session ID: 4c7d9c417453d571b0dd3866e2579a52
*** Element info: {Using=name, value=logid}
	at org.openqa.selenium.remote.ErrorHandler.createThrowable(ErrorHandler.java:206)
	at org.openqa.selenium.remote.ErrorHandler.throwIfResponseFailed(ErrorHandler.java:158)
	at org.openqa.selenium.remote.RemoteWebDriver.execute(RemoteWebDriver.java:678)
	at org.openqa.selenium.remote.RemoteWebDriver.findElement(RemoteWebDriver.java:363)
	at org.openqa.selenium.remote.RemoteWebDriver.findElementByName(RemoteWebDriver.java:461)
	at org.openqa.selenium.By$ByName.findElement(By.java:303)
	at org.openqa.selenium.remote.RemoteWebDriver.findElement(RemoteWebDriver.java:355)
	at org.openqa.selenium.support.pagefactory.DefaultElementLocator.findElement(DefaultElementLocator.java:69)
	at org.openqa.selenium.support.pagefactory.internal.LocatingElementHandler.invoke(LocatingElementHandler.java:38)
	at com.sun.proxy.$Proxy11.sendKeys(Unknown Source)
	at PageObjectFactory.Pagefactory_Login.enter_username(Pagefactory_Login.java:42)
	at PageObjectFactory.Pagefactory_Login.Enter_logindetails(Pagefactory_Login.java:59)
	at TestScripts.Scenario_Login.Invalid_Login(Scenario_Login.java:48)
	at java.util.concurrent.FutureTask.run(FutureTask.java:266)
	at java.util.concurrent.ThreadPoolExecutor.runWorker(ThreadPoolExecutor.java:1142)
	at java.util.concurrent.ThreadPoolExecutor$Worker.run(ThreadPoolExecutor.java:617)
	at java.lang.Thread.run(Thread.java:745)
... Removed 20 stack frames
</div> <!-- stack-trace -->
                </div> <!-- method-content -->
              </div> <!-- method -->
              <div class="method">
                <div class="method-content">
                  <a name="Invalid_Login(GB_05, 1.0, qtpworld2008@gmail.com, , Sorry we were unable to complete this step because :)">
                  </a> <!-- Invalid_Login(GB_05, 1.0, qtpworld2008@gmail.com, , Sorry we were unable to complete this step because :) -->
                  <span class="method-name">Invalid_Login</span>
                  <span class="parameters">(GB_05, 1.0, qtpworld2008@gmail.com, , Sorry we were unable to complete this step because :)</span>
                  <div class="stack-trace">org.openqa.selenium.NoSuchElementException: no such element
  (Session info: chrome=53.0.2785.116)
  (Driver info: chromedriver=2.9.248315,platform=Windows NT 6.1 SP1 x86) (WARNING: The server did not provide any stacktrace information)
Command duration or timeout: 1.30 seconds
For documentation on this error, please visit: http://seleniumhq.org/exceptions/no_such_element.html
Build info: version: &apos;2.53.0&apos;, revision: &apos;35ae25b1534ae328c771e0856c93e187490ca824&apos;, time: &apos;2016-03-15 10:43:46&apos;
System info: host: &apos;DELL-PC&apos;, ip: &apos;192.168.0.103&apos;, os.name: &apos;Windows 7&apos;, os.arch: &apos;x86&apos;, os.version: &apos;6.1&apos;, java.version: &apos;1.8.0_101&apos;
Driver info: org.openqa.selenium.chrome.ChromeDriver
Capabilities [{applicationCacheEnabled=false, rotatable=false, chrome={userDataDir=C:\Users\DELL\AppData\Local\Temp\scoped_dir4788_1132}, takesHeapSnapshot=true, databaseEnabled=false, handlesAlerts=true, version=53.0.2785.116, platform=XP, browserConnectionEnabled=false, nativeEvents=true, acceptSslCerts=true, locationContextEnabled=true, webStorageEnabled=true, browserName=chrome, takesScreenshot=true, javascriptEnabled=true, cssSelectorsEnabled=true}]
Session ID: 8d8fe10196cfd38df868f90f2ea244d2
*** Element info: {Using=name, value=logid}
	at org.openqa.selenium.remote.ErrorHandler.createThrowable(ErrorHandler.java:206)
	at org.openqa.selenium.remote.ErrorHandler.throwIfResponseFailed(ErrorHandler.java:158)
	at org.openqa.selenium.remote.RemoteWebDriver.execute(RemoteWebDriver.java:678)
	at org.openqa.selenium.remote.RemoteWebDriver.findElement(RemoteWebDriver.java:363)
	at org.openqa.selenium.remote.RemoteWebDriver.findElementByName(RemoteWebDriver.java:461)
	at org.openqa.selenium.By$ByName.findElement(By.java:303)
	at org.openqa.selenium.remote.RemoteWebDriver.findElement(RemoteWebDriver.java:355)
	at org.openqa.selenium.support.pagefactory.DefaultElementLocator.findElement(DefaultElementLocator.java:69)
	at org.openqa.selenium.support.pagefactory.internal.LocatingElementHandler.invoke(LocatingElementHandler.java:38)
	at com.sun.proxy.$Proxy11.sendKeys(Unknown Source)
	at PageObjectFactory.Pagefactory_Login.enter_username(Pagefactory_Login.java:42)
	at PageObjectFactory.Pagefactory_Login.Enter_logindetails(Pagefactory_Login.java:59)
	at TestScripts.Scenario_Login.Invalid_Login(Scenario_Login.java:48)
	at java.util.concurrent.FutureTask.run(FutureTask.java:266)
	at java.util.concurrent.ThreadPoolExecutor.runWorker(ThreadPoolExecutor.java:1142)
	at java.util.concurrent.ThreadPoolExecutor$Worker.run(ThreadPoolExecutor.java:617)
	at java.lang.Thread.run(Thread.java:745)
... Removed 20 stack frames
</div> <!-- stack-trace -->
                </div> <!-- method-content -->
              </div> <!-- method -->
              <div class="method">
                <div class="method-content">
                  <a name="Invalid_Login(GB_06, 1.0, , , Sorry we were unable to complete this step because :)">
                  </a> <!-- Invalid_Login(GB_06, 1.0, , , Sorry we were unable to complete this step because :) -->
                  <span class="method-name">Invalid_Login</span>
                  <span class="parameters">(GB_06, 1.0, , , Sorry we were unable to complete this step because :)</span>
                  <div class="stack-trace">org.openqa.selenium.NoSuchElementException: no such element
  (Session info: chrome=53.0.2785.116)
  (Driver info: chromedriver=2.9.248315,platform=Windows NT 6.1 SP1 x86) (WARNING: The server did not provide any stacktrace information)
Command duration or timeout: 564 milliseconds
For documentation on this error, please visit: http://seleniumhq.org/exceptions/no_such_element.html
Build info: version: &apos;2.53.0&apos;, revision: &apos;35ae25b1534ae328c771e0856c93e187490ca824&apos;, time: &apos;2016-03-15 10:43:46&apos;
System info: host: &apos;DELL-PC&apos;, ip: &apos;192.168.0.103&apos;, os.name: &apos;Windows 7&apos;, os.arch: &apos;x86&apos;, os.version: &apos;6.1&apos;, java.version: &apos;1.8.0_101&apos;
Driver info: org.openqa.selenium.chrome.ChromeDriver
Capabilities [{applicationCacheEnabled=false, rotatable=false, chrome={userDataDir=C:\Users\DELL\AppData\Local\Temp\scoped_dir12164_28458}, takesHeapSnapshot=true, databaseEnabled=false, handlesAlerts=true, version=53.0.2785.116, platform=XP, browserConnectionEnabled=false, nativeEvents=true, acceptSslCerts=true, locationContextEnabled=true, webStorageEnabled=true, browserName=chrome, takesScreenshot=true, javascriptEnabled=true, cssSelectorsEnabled=true}]
Session ID: d329dc9f8af40949d4c64c108349c4b8
*** Element info: {Using=xpath, value=//b[contains(text(),&apos;Sorry we were unable to complete this step because :&apos;)]}
	at org.openqa.selenium.remote.ErrorHandler.createThrowable(ErrorHandler.java:206)
	at org.openqa.selenium.remote.ErrorHandler.throwIfResponseFailed(ErrorHandler.java:158)
	at org.openqa.selenium.remote.RemoteWebDriver.execute(RemoteWebDriver.java:678)
	at org.openqa.selenium.remote.RemoteWebDriver.findElement(RemoteWebDriver.java:363)
	at org.openqa.selenium.remote.RemoteWebDriver.findElementByXPath(RemoteWebDriver.java:500)
	at org.openqa.selenium.By$ByXPath.findElement(By.java:361)
	at org.openqa.selenium.remote.RemoteWebDriver.findElement(RemoteWebDriver.java:355)
	at org.openqa.selenium.support.pagefactory.DefaultElementLocator.findElement(DefaultElementLocator.java:69)
	at org.openqa.selenium.support.pagefactory.internal.LocatingElementHandler.invoke(LocatingElementHandler.java:38)
	at com.sun.proxy.$Proxy11.getText(Unknown Source)
	at PageObjectFactory.Pagefactory_Login.extract_invalidLoginMessage(Pagefactory_Login.java:52)
	at TestScripts.Scenario_Login.Invalid_Login(Scenario_Login.java:53)
	at java.util.concurrent.FutureTask.run(FutureTask.java:266)
	at java.util.concurrent.ThreadPoolExecutor.runWorker(ThreadPoolExecutor.java:1142)
	at java.util.concurrent.ThreadPoolExecutor$Worker.run(ThreadPoolExecutor.java:617)
	at java.lang.Thread.run(Thread.java:745)
... Removed 19 stack frames
</div> <!-- stack-trace -->
                </div> <!-- method-content -->
              </div> <!-- method -->
            </div> <!-- main-panel-content rounded-window-bottom -->
          </div> <!-- suite-Suite-class-failed -->
          <div class="suite-Suite-class-passed">
            <div class="main-panel-header rounded-window-top">
              <img src="passed.png"/>
              <span class="class-name">TestScripts.Scenario_Login</span>
            </div> <!-- main-panel-header rounded-window-top -->
            <div class="main-panel-content rounded-window-bottom">
              <div class="method">
                <div class="method-content">
                  <a name="Invalid_Login(GB_05, 1.0, qtpworld2008@gmail.com, , Sorry we were unable to complete this step because :)">
                  </a> <!-- Invalid_Login(GB_05, 1.0, qtpworld2008@gmail.com, , Sorry we were unable to complete this step because :) -->
                  <span class="method-name">Invalid_Login</span>
                  <span class="parameters">(GB_05, 1.0, qtpworld2008@gmail.com, , Sorry we were unable to complete this step because :)</span>
                </div> <!-- method-content -->
              </div> <!-- method -->
              <div class="method">
                <div class="method-content">
                  <a name="Invalid_Login(GB_02, 2.0, kasd, learn123, Sorry we were unable to complete this step because :)">
                  </a> <!-- Invalid_Login(GB_02, 2.0, kasd, learn123, Sorry we were unable to complete this step because :) -->
                  <span class="method-name">Invalid_Login</span>
                  <span class="parameters">(GB_02, 2.0, kasd, learn123, Sorry we were unable to complete this step because :)</span>
                </div> <!-- method-content -->
              </div> <!-- method -->
              <div class="method">
                <div class="method-content">
                  <a name="Invalid_Login(GB_04, 1.0, , learn123, Sorry we were unable to complete this step because :)">
                  </a> <!-- Invalid_Login(GB_04, 1.0, , learn123, Sorry we were unable to complete this step because :) -->
                  <span class="method-name">Invalid_Login</span>
                  <span class="parameters">(GB_04, 1.0, , learn123, Sorry we were unable to complete this step because :)</span>
                </div> <!-- method-content -->
              </div> <!-- method -->
              <div class="method">
                <div class="method-content">
                  <a name="Invalid_Login(GB_03, 1.0, qtpworld2008@gmail.com, skfdjh, Sorry we were unable to complete this step because :)">
                  </a> <!-- Invalid_Login(GB_03, 1.0, qtpworld2008@gmail.com, skfdjh, Sorry we were unable to complete this step because :) -->
                  <span class="method-name">Invalid_Login</span>
                  <span class="parameters">(GB_03, 1.0, qtpworld2008@gmail.com, skfdjh, Sorry we were unable to complete this step because :)</span>
                </div> <!-- method-content -->
              </div> <!-- method -->
              <div class="method">
                <div class="method-content">
                  <a name="Invalid_Login(GB_06, 1.0, , , Sorry we were unable to complete this step because :)">
                  </a> <!-- Invalid_Login(GB_06, 1.0, , , Sorry we were unable to complete this step because :) -->
                  <span class="method-name">Invalid_Login</span>
                  <span class="parameters">(GB_06, 1.0, , , Sorry we were unable to complete this step because :)</span>
                </div> <!-- method-content -->
              </div> <!-- method -->
              <div class="method">
                <div class="method-content">
                  <a name="Invalid_Login(GB_02, 2.0, kasd, learn123, Sorry we were unable to complete this step because :)">
                  </a> <!-- Invalid_Login(GB_02, 2.0, kasd, learn123, Sorry we were unable to complete this step because :) -->
                  <span class="method-name">Invalid_Login</span>
                  <span class="parameters">(GB_02, 2.0, kasd, learn123, Sorry we were unable to complete this step because :)</span>
                </div> <!-- method-content -->
              </div> <!-- method -->
              <div class="method">
                <div class="method-content">
                  <a name="Invalid_Login(GB_03, 1.0, qtpworld2008@gmail.com, skfdjh, Sorry we were unable to complete this step because :)">
                  </a> <!-- Invalid_Login(GB_03, 1.0, qtpworld2008@gmail.com, skfdjh, Sorry we were unable to complete this step because :) -->
                  <span class="method-name">Invalid_Login</span>
                  <span class="parameters">(GB_03, 1.0, qtpworld2008@gmail.com, skfdjh, Sorry we were unable to complete this step because :)</span>
                </div> <!-- method-content -->
              </div> <!-- method -->
              <div class="method">
                <div class="method-content">
                  <a name="Invalid_Login(GB_05, 1.0, qtpworld2008@gmail.com, , Sorry we were unable to complete this step because :)">
                  </a> <!-- Invalid_Login(GB_05, 1.0, qtpworld2008@gmail.com, , Sorry we were unable to complete this step because :) -->
                  <span class="method-name">Invalid_Login</span>
                  <span class="parameters">(GB_05, 1.0, qtpworld2008@gmail.com, , Sorry we were unable to complete this step because :)</span>
                </div> <!-- method-content -->
              </div> <!-- method -->
              <div class="method">
                <div class="method-content">
                  <a name="Invalid_Login(GB_01, 1.0, kjdf, zhfdk, Sorry we were unable to complete this step because :)">
                  </a> <!-- Invalid_Login(GB_01, 1.0, kjdf, zhfdk, Sorry we were unable to complete this step because :) -->
                  <span class="method-name">Invalid_Login</span>
                  <span class="parameters">(GB_01, 1.0, kjdf, zhfdk, Sorry we were unable to complete this step because :)</span>
                </div> <!-- method-content -->
              </div> <!-- method -->
              <div class="method">
                <div class="method-content">
                  <a name="Invalid_Login(GB_04, 1.0, , learn123, Sorry we were unable to complete this step because :)">
                  </a> <!-- Invalid_Login(GB_04, 1.0, , learn123, Sorry we were unable to complete this step because :) -->
                  <span class="method-name">Invalid_Login</span>
                  <span class="parameters">(GB_04, 1.0, , learn123, Sorry we were unable to complete this step because :)</span>
                </div> <!-- method-content -->
              </div> <!-- method -->
            </div> <!-- main-panel-content rounded-window-bottom -->
          </div> <!-- suite-Suite-class-passed -->
        </div> <!-- panel Suite -->
        <div panel-name="test-xml-Suite" class="panel">
          <div class="main-panel-header rounded-window-top">
            <span class="header-content">E:\workspace\Framework\testng_crossbrowser.xml</span>
          </div> <!-- main-panel-header rounded-window-top -->
          <div class="main-panel-content rounded-window-bottom">
            <pre>
&lt;?xml version=&quot;1.0&quot; encoding=&quot;UTF-8&quot;?&gt;
&lt;!DOCTYPE suite SYSTEM &quot;http://testng.org/testng-1.0.dtd&quot;&gt;
&lt;suite thread-count=&quot;2&quot; guice-stage=&quot;DEVELOPMENT&quot; name=&quot;Suite&quot; parallel=&quot;tests&quot;&gt;
  &lt;test name=&quot;firefoxTest&quot;&gt;
    &lt;parameter name=&quot;browser&quot; value=&quot;firefox&quot;/&gt;
    &lt;classes&gt;
      &lt;class name=&quot;TestScripts.Scenario_Login&quot;/&gt;
    &lt;/classes&gt;
  &lt;/test&gt; &lt;!-- firefoxTest --&gt;
  &lt;test name=&quot;IETest&quot;&gt;
    &lt;parameter name=&quot;browser&quot; value=&quot;ie&quot;/&gt;
    &lt;classes&gt;
      &lt;class name=&quot;TestScripts.Scenario_Login&quot;/&gt;
    &lt;/classes&gt;
  &lt;/test&gt; &lt;!-- IETest --&gt;
  &lt;test name=&quot;Chrometest&quot;&gt;
    &lt;parameter name=&quot;browser&quot; value=&quot;chrome&quot;/&gt;
    &lt;classes&gt;
      &lt;class name=&quot;TestScripts.Scenario_Login&quot;/&gt;
    &lt;/classes&gt;
  &lt;/test&gt; &lt;!-- Chrometest --&gt;
&lt;/suite&gt; &lt;!-- Suite --&gt;
            </pre>
          </div> <!-- main-panel-content rounded-window-bottom -->
        </div> <!-- panel -->
        <div panel-name="testlist-Suite" class="panel">
          <div class="main-panel-header rounded-window-top">
            <span class="header-content">Tests for Suite</span>
          </div> <!-- main-panel-header rounded-window-top -->
          <div class="main-panel-content rounded-window-bottom">
            <ul>
              <li>
                <span class="test-name">firefoxTest (1 class)</span>
              </li>
              <li>
                <span class="test-name">IETest (1 class)</span>
              </li>
              <li>
                <span class="test-name">Chrometest (1 class)</span>
              </li>
            </ul>
          </div> <!-- main-panel-content rounded-window-bottom -->
        </div> <!-- panel -->
        <div panel-name="group-Suite" class="panel">
          <div class="main-panel-header rounded-window-top">
            <span class="header-content">Groups for Suite</span>
          </div> <!-- main-panel-header rounded-window-top -->
          <div class="main-panel-content rounded-window-bottom">
            <div class="test-group">
              <span class="test-group-name">regression</span>
              <br/>
              <div class="method-in-group">
                <span class="method-in-group-name">Invalid_Login</span>
                <br/>
              </div> <!-- method-in-group -->
            </div> <!-- test-group -->
            <div class="test-group">
              <span class="test-group-name">smoke</span>
              <br/>
              <div class="method-in-group">
                <span class="method-in-group-name">Invalid_Login</span>
                <br/>
              </div> <!-- method-in-group -->
            </div> <!-- test-group -->
          </div> <!-- main-panel-content rounded-window-bottom -->
        </div> <!-- panel -->
        <div panel-name="times-Suite" class="panel">
          <div class="main-panel-header rounded-window-top">
            <span class="header-content">Times for Suite</span>
          </div> <!-- main-panel-header rounded-window-top -->
          <div class="main-panel-content rounded-window-bottom">
            <div class="times-div">
              <script type="text/javascript">
suiteTableInitFunctions.push('tableData_Suite');
function tableData_Suite() {
var data = new google.visualization.DataTable();
data.addColumn('number', 'Number');
data.addColumn('string', 'Method');
data.addColumn('string', 'Class');
data.addColumn('number', 'Time (ms)');
data.addRows(18);
data.setCell(0, 0, 0)
data.setCell(0, 1, 'Invalid_Login')
data.setCell(0, 2, 'TestScripts.Scenario_Login')
data.setCell(0, 3, 11585);
data.setCell(1, 0, 1)
data.setCell(1, 1, 'Invalid_Login')
data.setCell(1, 2, 'TestScripts.Scenario_Login')
data.setCell(1, 3, 10868);
data.setCell(2, 0, 2)
data.setCell(2, 1, 'Invalid_Login')
data.setCell(2, 2, 'TestScripts.Scenario_Login')
data.setCell(2, 3, 9592);
data.setCell(3, 0, 3)
data.setCell(3, 1, 'Invalid_Login')
data.setCell(3, 2, 'TestScripts.Scenario_Login')
data.setCell(3, 3, 8814);
data.setCell(4, 0, 4)
data.setCell(4, 1, 'Invalid_Login')
data.setCell(4, 2, 'TestScripts.Scenario_Login')
data.setCell(4, 3, 8569);
data.setCell(5, 0, 5)
data.setCell(5, 1, 'Invalid_Login')
data.setCell(5, 2, 'TestScripts.Scenario_Login')
data.setCell(5, 3, 7952);
data.setCell(6, 0, 6)
data.setCell(6, 1, 'Invalid_Login')
data.setCell(6, 2, 'TestScripts.Scenario_Login')
data.setCell(6, 3, 7760);
data.setCell(7, 0, 7)
data.setCell(7, 1, 'Invalid_Login')
data.setCell(7, 2, 'TestScripts.Scenario_Login')
data.setCell(7, 3, 7668);
data.setCell(8, 0, 8)
data.setCell(8, 1, 'Invalid_Login')
data.setCell(8, 2, 'TestScripts.Scenario_Login')
data.setCell(8, 3, 7517);
data.setCell(9, 0, 9)
data.setCell(9, 1, 'Invalid_Login')
data.setCell(9, 2, 'TestScripts.Scenario_Login')
data.setCell(9, 3, 6848);
data.setCell(10, 0, 10)
data.setCell(10, 1, 'Invalid_Login')
data.setCell(10, 2, 'TestScripts.Scenario_Login')
data.setCell(10, 3, 6473);
data.setCell(11, 0, 11)
data.setCell(11, 1, 'Invalid_Login')
data.setCell(11, 2, 'TestScripts.Scenario_Login')
data.setCell(11, 3, 6003);
data.setCell(12, 0, 12)
data.setCell(12, 1, 'Invalid_Login')
data.setCell(12, 2, 'TestScripts.Scenario_Login')
data.setCell(12, 3, 4940);
data.setCell(13, 0, 13)
data.setCell(13, 1, 'Invalid_Login')
data.setCell(13, 2, 'TestScripts.Scenario_Login')
data.setCell(13, 3, 4405);
data.setCell(14, 0, 14)
data.setCell(14, 1, 'Invalid_Login')
data.setCell(14, 2, 'TestScripts.Scenario_Login')
data.setCell(14, 3, 3794);
data.setCell(15, 0, 15)
data.setCell(15, 1, 'Invalid_Login')
data.setCell(15, 2, 'TestScripts.Scenario_Login')
data.setCell(15, 3, 3019);
data.setCell(16, 0, 16)
data.setCell(16, 1, 'Invalid_Login')
data.setCell(16, 2, 'TestScripts.Scenario_Login')
data.setCell(16, 3, 2075);
data.setCell(17, 0, 17)
data.setCell(17, 1, 'Invalid_Login')
data.setCell(17, 2, 'TestScripts.Scenario_Login')
data.setCell(17, 3, 1795);
window.suiteTableData['Suite']= { tableData: data, tableDiv: 'times-div-Suite'}
return data;
}
              </script>
              <span class="suite-total-time">Total running time: 1 minutes</span>
              <div id="times-div-Suite">
              </div> <!-- times-div-Suite -->
            </div> <!-- times-div -->
          </div> <!-- main-panel-content rounded-window-bottom -->
        </div> <!-- panel -->
        <div panel-name="reporter-Suite" class="panel">
          <div class="main-panel-header rounded-window-top">
            <span class="header-content">Reporter output for Suite</span>
          </div> <!-- main-panel-header rounded-window-top -->
          <div class="main-panel-content rounded-window-bottom">
          </div> <!-- main-panel-content rounded-window-bottom -->
        </div> <!-- panel -->
        <div panel-name="ignored-methods-Suite" class="panel">
          <div class="main-panel-header rounded-window-top">
            <span class="header-content">0 ignored methods</span>
          </div> <!-- main-panel-header rounded-window-top -->
          <div class="main-panel-content rounded-window-bottom">
          </div> <!-- main-panel-content rounded-window-bottom -->
        </div> <!-- panel -->
        <div panel-name="chronological-Suite" class="panel">
          <div class="main-panel-header rounded-window-top">
            <span class="header-content">Methods in chronological order</span>
          </div> <!-- main-panel-header rounded-window-top -->
          <div class="main-panel-content rounded-window-bottom">
            <div class="chronological-class">
              <div class="chronological-class-name">TestScripts.Scenario_Login</div> <!-- chronological-class-name -->
              <div class="configuration-suite before">
                <span class="method-name">intialsetup</span>
                <span class="method-start">0 ms</span>
              </div> <!-- configuration-suite before -->
              <div class="configuration-method before">
                <span class="method-name">initialize_Browser(firefox)</span>
                <span class="method-start">3855 ms</span>
              </div> <!-- configuration-method before -->
              <div class="configuration-method before">
                <span class="method-name">initialize_Browser(ie)</span>
                <span class="method-start">3855 ms</span>
              </div> <!-- configuration-method before -->
              <div class="test-method">
                <img src="failed.png">
                </img>
                <span class="method-name">Invalid_Login(GB_01, 1.0, kjdf, zhfdk, Sorry we were unable to complete this step because :)</span>
                <span class="method-start">13778 ms</span>
              </div> <!-- test-method -->
              <div class="configuration-method after">
                <span class="method-name">teardown</span>
                <span class="method-start">15884 ms</span>
              </div> <!-- configuration-method after -->
              <div class="configuration-method before">
                <span class="method-name">initialize_Browser(ie)</span>
                <span class="method-start">19521 ms</span>
              </div> <!-- configuration-method before -->
              <div class="test-method">
                <span class="method-name">Invalid_Login(GB_02, 2.0, kasd, learn123, Sorry we were unable to complete this step because :)</span>
                <span class="method-start">28989 ms</span>
              </div> <!-- test-method -->
              <div class="test-method">
                <span class="method-name">Invalid_Login(GB_01, 1.0, kjdf, zhfdk, Sorry we were unable to complete this step because :)</span>
                <span class="method-start">32562 ms</span>
              </div> <!-- test-method -->
              <div class="configuration-method after">
                <span class="method-name">teardown</span>
                <span class="method-start">37563 ms</span>
              </div> <!-- configuration-method after -->
              <div class="configuration-method before">
                <span class="method-name">initialize_Browser(ie)</span>
                <span class="method-start">39607 ms</span>
              </div> <!-- configuration-method before -->
              <div class="configuration-method after">
                <span class="method-name">teardown</span>
                <span class="method-start">40327 ms</span>
              </div> <!-- configuration-method after -->
              <div class="configuration-method before">
                <span class="method-name">initialize_Browser(firefox)</span>
                <span class="method-start">42522 ms</span>
              </div> <!-- configuration-method before -->
              <div class="test-method">
                <img src="failed.png">
                </img>
                <span class="method-name">Invalid_Login(GB_03, 1.0, qtpworld2008@gmail.com, skfdjh, Sorry we were unable to complete this step because :)</span>
                <span class="method-start">46952 ms</span>
              </div> <!-- test-method -->
              <div class="configuration-method after">
                <span class="method-name">teardown</span>
                <span class="method-start">54917 ms</span>
              </div> <!-- configuration-method after -->
              <div class="configuration-method before">
                <span class="method-name">initialize_Browser(ie)</span>
                <span class="method-start">56995 ms</span>
              </div> <!-- configuration-method before -->
              <div class="test-method">
                <span class="method-name">Invalid_Login(GB_04, 1.0, , learn123, Sorry we were unable to complete this step because :)</span>
                <span class="method-start">66091 ms</span>
              </div> <!-- test-method -->
              <div class="test-method">
                <span class="method-name">Invalid_Login(GB_02, 2.0, kasd, learn123, Sorry we were unable to complete this step because :)</span>
                <span class="method-start">69660 ms</span>
              </div> <!-- test-method -->
              <div class="configuration-method after">
                <span class="method-name">teardown</span>
                <span class="method-start">74912 ms</span>
              </div> <!-- configuration-method after -->
              <div class="configuration-method before">
                <span class="method-name">initialize_Browser(ie)</span>
                <span class="method-start">77054 ms</span>
              </div> <!-- configuration-method before -->
              <div class="configuration-method after">
                <span class="method-name">teardown</span>
                <span class="method-start">77334 ms</span>
              </div> <!-- configuration-method after -->
              <div class="configuration-method before">
                <span class="method-name">initialize_Browser(firefox)</span>
                <span class="method-start">79247 ms</span>
              </div> <!-- configuration-method before -->
              <div class="test-method">
                <span class="method-name">Invalid_Login(GB_05, 1.0, qtpworld2008@gmail.com, , Sorry we were unable to complete this step because :)</span>
                <span class="method-start">84161 ms</span>
              </div> <!-- test-method -->
              <div class="configuration-method after">
                <span class="method-name">teardown</span>
                <span class="method-start">95035 ms</span>
              </div> <!-- configuration-method after -->
              <div class="configuration-method before">
                <span class="method-name">initialize_Browser(ie)</span>
                <span class="method-start">96996 ms</span>
              </div> <!-- configuration-method before -->
              <div class="test-method">
                <img src="failed.png">
                </img>
                <span class="method-name">Invalid_Login(GB_06, 1.0, , , Sorry we were unable to complete this step because :)</span>
                <span class="method-start">106471 ms</span>
              </div> <!-- test-method -->
              <div class="test-method">
                <span class="method-name">Invalid_Login(GB_03, 1.0, qtpworld2008@gmail.com, skfdjh, Sorry we were unable to complete this step because :)</span>
                <span class="method-start">107624 ms</span>
              </div> <!-- test-method -->
              <div class="configuration-method after">
                <span class="method-name">teardown</span>
                <span class="method-start">108277 ms</span>
              </div> <!-- configuration-method after -->
              <div class="configuration-method before">
                <span class="method-name">initialize_Browser(chrome)</span>
                <span class="method-start">110771 ms</span>
              </div> <!-- configuration-method before -->
              <div class="configuration-method after">
                <span class="method-name">teardown</span>
                <span class="method-start">119215 ms</span>
              </div> <!-- configuration-method after -->
              <div class="test-method">
                <img src="failed.png">
                </img>
                <span class="method-name">Invalid_Login(GB_01, 1.0, kjdf, zhfdk, Sorry we were unable to complete this step because :)</span>
                <span class="method-start">120676 ms</span>
              </div> <!-- test-method -->
              <div class="configuration-method before">
                <span class="method-name">initialize_Browser(firefox)</span>
                <span class="method-start">122502 ms</span>
              </div> <!-- configuration-method before -->
              <div class="configuration-method after">
                <span class="method-name">teardown</span>
                <span class="method-start">124504 ms</span>
              </div> <!-- configuration-method after -->
              <div class="configuration-method before">
                <span class="method-name">initialize_Browser(chrome)</span>
                <span class="method-start">126900 ms</span>
              </div> <!-- configuration-method before -->
              <div class="test-method">
                <img src="failed.png">
                </img>
                <span class="method-name">Invalid_Login(GB_02, 2.0, kasd, learn123, Sorry we were unable to complete this step because :)</span>
                <span class="method-start">135796 ms</span>
              </div> <!-- test-method -->
              <div class="configuration-method after">
                <span class="method-name">teardown</span>
                <span class="method-start">140222 ms</span>
              </div> <!-- configuration-method after -->
              <div class="configuration-method before">
                <span class="method-name">initialize_Browser(chrome)</span>
                <span class="method-start">142742 ms</span>
              </div> <!-- configuration-method before -->
              <div class="test-method">
                <span class="method-name">Invalid_Login(GB_03, 1.0, qtpworld2008@gmail.com, skfdjh, Sorry we were unable to complete this step because :)</span>
                <span class="method-start">157902 ms</span>
              </div> <!-- test-method -->
              <div class="test-method">
                <span class="method-name">Invalid_Login(GB_04, 1.0, , learn123, Sorry we were unable to complete this step because :)</span>
                <span class="method-start">157993 ms</span>
              </div> <!-- test-method -->
              <div class="configuration-method after">
                <span class="method-name">teardown</span>
                <span class="method-start">164846 ms</span>
              </div> <!-- configuration-method after -->
              <div class="configuration-method after">
                <span class="method-name">teardown</span>
                <span class="method-start">165426 ms</span>
              </div> <!-- configuration-method after -->
              <div class="configuration-method before">
                <span class="method-name">initialize_Browser(firefox)</span>
                <span class="method-start">167328 ms</span>
              </div> <!-- configuration-method before -->
              <div class="configuration-method before">
                <span class="method-name">initialize_Browser(chrome)</span>
                <span class="method-start">167593 ms</span>
              </div> <!-- configuration-method before -->
              <div class="test-method">
                <img src="failed.png">
                </img>
                <span class="method-name">Invalid_Login(GB_04, 1.0, , learn123, Sorry we were unable to complete this step because :)</span>
                <span class="method-start">177497 ms</span>
              </div> <!-- test-method -->
              <div class="configuration-method after">
                <span class="method-name">teardown</span>
                <span class="method-start">180535 ms</span>
              </div> <!-- configuration-method after -->
              <div class="configuration-method before">
                <span class="method-name">initialize_Browser(chrome)</span>
                <span class="method-start">183191 ms</span>
              </div> <!-- configuration-method before -->
              <div class="test-method">
                <img src="failed.png">
                </img>
                <span class="method-name">Invalid_Login(GB_05, 1.0, qtpworld2008@gmail.com, , Sorry we were unable to complete this step because :)</span>
                <span class="method-start">193482 ms</span>
              </div> <!-- test-method -->
              <div class="configuration-method after">
                <span class="method-name">teardown</span>
                <span class="method-start">199524 ms</span>
              </div> <!-- configuration-method after -->
              <div class="test-method">
                <span class="method-name">Invalid_Login(GB_05, 1.0, qtpworld2008@gmail.com, , Sorry we were unable to complete this step because :)</span>
                <span class="method-start">202270 ms</span>
              </div> <!-- test-method -->
              <div class="configuration-method before">
                <span class="method-name">initialize_Browser(chrome)</span>
                <span class="method-start">202282 ms</span>
              </div> <!-- configuration-method before -->
              <div class="configuration-method after">
                <span class="method-name">teardown</span>
                <span class="method-start">211867 ms</span>
              </div> <!-- configuration-method after -->
              <div class="test-method">
                <img src="failed.png">
                </img>
                <span class="method-name">Invalid_Login(GB_06, 1.0, , , Sorry we were unable to complete this step because :)</span>
                <span class="method-start">212957 ms</span>
              </div> <!-- test-method -->
              <div class="configuration-method before">
                <span class="method-name">initialize_Browser(firefox)</span>
                <span class="method-start">214631 ms</span>
              </div> <!-- configuration-method before -->
              <div class="configuration-method after">
                <span class="method-name">teardown</span>
                <span class="method-start">219445 ms</span>
              </div> <!-- configuration-method after -->
              <div class="test-method">
                <span class="method-name">Invalid_Login(GB_06, 1.0, , , Sorry we were unable to complete this step because :)</span>
                <span class="method-start">238543 ms</span>
              </div> <!-- test-method -->
              <div class="configuration-method after">
                <span class="method-name">teardown</span>
                <span class="method-start">243487 ms</span>
              </div> <!-- configuration-method after -->
              <div class="configuration-suite after">
                <span class="method-name">Projectend</span>
                <span class="method-start">245192 ms</span>
              </div> <!-- configuration-suite after -->
          </div> <!-- main-panel-content rounded-window-bottom -->
        </div> <!-- panel -->
      </div> <!-- main-panel-root -->
    </div> <!-- wrapper -->
  </body>
</html>
