<!DOCTYPE html PUBLIC "-//W3C//DTD XHTML 1.1//EN" "http://www.w3.org/TR/xhtml11/DTD/xhtml11.dtd">
<html xmlns="http://www.w3.org/1999/xhtml"><head><title>TestNG Report</title><style type="text/css">table {margin-bottom:10px;border-collapse:collapse;empty-cells:show}th,td {border:1px solid #009;padding:.25em .5em}th {vertical-align:bottom}td {vertical-align:top}table a {font-weight:bold}.stripe td {background-color: #E6EBF9}.num {text-align:right}.passedodd td {background-color: #3F3}.passedeven td {background-color: #0A0}.skippedodd td {background-color: #DDD}.skippedeven td {background-color: #CCC}.failedodd td,.attn {background-color: #F33}.failedeven td,.stripe .attn {background-color: #D00}.stacktrace {white-space:pre;font-family:monospace}.totop {font-size:85%;text-align:center;border-bottom:2px solid #000}</style></head><body><table><tr><th>Test</th><th># Passed</th><th># Skipped</th><th># Failed</th><th>Time (ms)</th><th>Included Groups</th><th>Excluded Groups</th></tr><tr><th colspan="7">Suite</th></tr><tr><td><a href="#t0">firefoxTest</a></td><td class="num">0</td><td class="num">0</td><td class="num attn">2</td><td class="num">19,302</td><td></td><td></td></tr><tr class="stripe"><td><a href="#t1">IETest</a></td><td class="num">0</td><td class="num attn">2</td><td class="num">0</td><td class="num">20,093</td><td></td><td></td></tr><tr><td><a href="#t2">Chrometest</a></td><td class="num">0</td><td class="num">0</td><td class="num attn">2</td><td class="num">13,946</td><td></td><td></td></tr><tr><th>Total</th><th class="num">0</th><th class="num attn">2</th><th class="num attn">4</th><th class="num">53,341</th><th colspan="2"></th></tr></table><table><thead><tr><th>Class</th><th>Method</th><th>Start</th><th>Time (ms)</th></tr></thead><tbody><tr><th colspan="4">Suite</th></tr></tbody><tbody id="t0"><tr><th colspan="4">firefoxTest &#8212; failed</th></tr><tr class="failedeven"><td rowspan="2">TestScripts.Scenario_Search</td><td><a href="#m0">Valid_Search</a></td><td rowspan="2">1469465979729</td><td rowspan="2">2901</td></tr><tr class="failedeven"><td><a href="#m1">Valid_Search</a></td></tr></tbody><tbody id="t1"><tr><th colspan="4">IETest &#8212; failed (configuration methods)</th></tr><tr class="failedeven"><td rowspan="1">TestScripts.Scenario_Search</td><td><a href="#m2">initialize_Browser</a></td><td rowspan="1">1469465991418</td><td rowspan="1">0</td></tr><tr><th colspan="4">IETest &#8212; skipped (configuration methods)</th></tr><tr class="skippedeven"><td rowspan="3">TestScripts.Scenario_Search</td><td><a href="#m3">initialize_Browser</a></td><td rowspan="1">1469466011448</td><td rowspan="1">0</td></tr><tr class="skippedeven"><td><a href="#m4">teardown</a></td><td rowspan="2">1469466011448</td><td rowspan="2">0</td></tr><tr class="skippedeven"><td><a href="#m5">teardown</a></td></tr><tr><th colspan="4">IETest &#8212; skipped</th></tr><tr class="skippedeven"><td rowspan="2">TestScripts.Scenario_Search</td><td><a href="#m6">Valid_Search</a></td><td rowspan="2">1469466011448</td><td rowspan="2">0</td></tr><tr class="skippedeven"><td><a href="#m7">Valid_Search</a></td></tr></tbody><tbody id="t2"><tr><th colspan="4">Chrometest &#8212; failed</th></tr><tr class="failedeven"><td rowspan="2">TestScripts.Scenario_Search</td><td><a href="#m8">Valid_Search</a></td><td rowspan="2">1469466022004</td><td rowspan="2">2042</td></tr><tr class="failedeven"><td><a href="#m9">Valid_Search</a></td></tr></tbody></table><h2>firefoxTest</h2><h3 id="m0">TestScripts.Scenario_Search#Valid_Search</h3><table class="result"><tr class="param"><th>Parameter #1</th><th>Parameter #2</th><th>Parameter #3</th><th>Parameter #4</th></tr><tr class="param stripe"><td>GB_09</td><td>1.0</td><td>Ways</td><td>491.0</td></tr><tr><th colspan="4">Exception</th></tr><tr><td colspan="4"><div class="stacktrace">java.lang.AssertionError: firefox:GB_09:1.0-Failed as Actual result is 493 and expected results is 491.0.
	at TestScripts.Scenario_Search.Valid_Search(Unknown Source)
... Removed 24 stack frames</div></td></tr></table><p class="totop"><a href="#summary">back to summary</a></p><h3 id="m1">TestScripts.Scenario_Search#Valid_Search</h3><table class="result"><tr class="param"><th>Parameter #1</th><th>Parameter #2</th><th>Parameter #3</th><th>Parameter #4</th></tr><tr class="param stripe"><td>GB_10</td><td>1.0</td><td>Chandler</td><td>234.0</td></tr><tr><th colspan="4">Exception</th></tr><tr><td colspan="4"><div class="stacktrace">java.lang.AssertionError: firefox:GB_10:1.0-Failed as Actual result is 432 and expected results is 234.0.
	at TestScripts.Scenario_Search.Valid_Search(Unknown Source)
... Removed 24 stack frames</div></td></tr></table><p class="totop"><a href="#summary">back to summary</a></p><h2>IETest</h2><h3 id="m2">TestScripts.Scenario_Search#initialize_Browser</h3><table class="result"><tr class="param"><th>Parameter #1</th></tr><tr class="param stripe"><td>ie</td></tr><tr><th>Exception</th></tr><tr><td><div class="stacktrace">org.openqa.selenium.remote.UnreachableBrowserException: Could not start a new session. Possible causes are invalid address of the remote server or browser start-up failure.
Build info: version: &apos;2.48.1&apos;, revision: &apos;d80083d8f7b0b0319976ef9712f7a2b531abaceb&apos;, time: &apos;2015-10-08 14:16:53&apos;
System info: host: &apos;DELL-PC&apos;, ip: &apos;192.168.0.124&apos;, os.name: &apos;Windows 7&apos;, os.arch: &apos;x86&apos;, os.version: &apos;6.1&apos;, java.version: &apos;1.8.0_101&apos;
Driver info: driver.version: InternetExplorerDriver
	at org.openqa.selenium.remote.RemoteWebDriver.execute(RemoteWebDriver.java:641)
	at org.openqa.selenium.remote.RemoteWebDriver.startSession(RemoteWebDriver.java:247)
	at org.openqa.selenium.remote.RemoteWebDriver.startSession(RemoteWebDriver.java:232)
	at org.openqa.selenium.ie.InternetExplorerDriver.run(InternetExplorerDriver.java:182)
	at org.openqa.selenium.ie.InternetExplorerDriver.&lt;init&gt;(InternetExplorerDriver.java:174)
	at org.openqa.selenium.ie.InternetExplorerDriver.&lt;init&gt;(InternetExplorerDriver.java:146)
	at Generic_library.Baseclass.initialize_Browser(Unknown Source)
Caused by: org.openqa.selenium.WebDriverException: Timed out waiting for driver server to start.
Build info: version: &apos;2.48.1&apos;, revision: &apos;d80083d8f7b0b0319976ef9712f7a2b531abaceb&apos;, time: &apos;2015-10-08 14:16:53&apos;
System info: host: &apos;DELL-PC&apos;, ip: &apos;192.168.0.124&apos;, os.name: &apos;Windows 7&apos;, os.arch: &apos;x86&apos;, os.version: &apos;6.1&apos;, java.version: &apos;1.8.0_101&apos;
Driver info: driver.version: InternetExplorerDriver
	at org.openqa.selenium.remote.service.DriverService.start(DriverService.java:170)
	at org.openqa.selenium.remote.service.DriverCommandExecutor.execute(DriverCommandExecutor.java:78)
	at org.openqa.selenium.remote.RemoteWebDriver.execute(RemoteWebDriver.java:620)
	... 31 more
Caused by: org.openqa.selenium.net.UrlChecker$TimeoutException: Timed out waiting for [http://localhost:15630/status] to be available after 20001 ms
	at org.openqa.selenium.net.UrlChecker.waitUntilAvailable(UrlChecker.java:104)
	at org.openqa.selenium.remote.service.DriverService.start(DriverService.java:167)
	... 33 more
Caused by: com.google.common.util.concurrent.UncheckedTimeoutException: java.util.concurrent.TimeoutException
	at com.google.common.util.concurrent.SimpleTimeLimiter.callWithTimeout(SimpleTimeLimiter.java:143)
	at org.openqa.selenium.net.UrlChecker.waitUntilAvailable(UrlChecker.java:79)
	... 34 more
Caused by: java.util.concurrent.TimeoutException
	at java.util.concurrent.FutureTask.get(FutureTask.java:205)
	at com.google.common.util.concurrent.SimpleTimeLimiter.callWithTimeout(SimpleTimeLimiter.java:130)
	... 35 more
... Removed 25 stack frames</div></td></tr></table><p class="totop"><a href="#summary">back to summary</a></p><h3 id="m3">TestScripts.Scenario_Search#initialize_Browser</h3><table class="result"></table><p class="totop"><a href="#summary">back to summary</a></p><h3 id="m4">TestScripts.Scenario_Search#teardown</h3><table class="result"></table><p class="totop"><a href="#summary">back to summary</a></p><h3 id="m5">TestScripts.Scenario_Search#teardown</h3><table class="result"></table><p class="totop"><a href="#summary">back to summary</a></p><h3 id="m6">TestScripts.Scenario_Search#Valid_Search</h3><table class="result"><tr class="param"><th>Parameter #1</th><th>Parameter #2</th><th>Parameter #3</th><th>Parameter #4</th></tr><tr class="param stripe"><td>GB_09</td><td>1.0</td><td>Ways</td><td>491.0</td></tr></table><p class="totop"><a href="#summary">back to summary</a></p><h3 id="m7">TestScripts.Scenario_Search#Valid_Search</h3><table class="result"><tr class="param"><th>Parameter #1</th><th>Parameter #2</th><th>Parameter #3</th><th>Parameter #4</th></tr><tr class="param stripe"><td>GB_10</td><td>1.0</td><td>Chandler</td><td>234.0</td></tr></table><p class="totop"><a href="#summary">back to summary</a></p><h2>Chrometest</h2><h3 id="m8">TestScripts.Scenario_Search#Valid_Search</h3><table class="result"><tr class="param"><th>Parameter #1</th><th>Parameter #2</th><th>Parameter #3</th><th>Parameter #4</th></tr><tr class="param stripe"><td>GB_10</td><td>1.0</td><td>Chandler</td><td>234.0</td></tr><tr><th colspan="4">Exception</th></tr><tr><td colspan="4"><div class="stacktrace">java.lang.AssertionError: chrome:GB_10:1.0-Failed as Actual result is 432 and expected results is 234.0.
	at TestScripts.Scenario_Search.Valid_Search(Unknown Source)
... Removed 24 stack frames</div></td></tr></table><p class="totop"><a href="#summary">back to summary</a></p><h3 id="m9">TestScripts.Scenario_Search#Valid_Search</h3><table class="result"><tr class="param"><th>Parameter #1</th><th>Parameter #2</th><th>Parameter #3</th><th>Parameter #4</th></tr><tr class="param stripe"><td>GB_09</td><td>1.0</td><td>Ways</td><td>491.0</td></tr><tr><th colspan="4">Exception</th></tr><tr><td colspan="4"><div class="stacktrace">java.lang.AssertionError: chrome:GB_09:1.0-Failed as Actual result is 493 and expected results is 491.0.
	at TestScripts.Scenario_Search.Valid_Search(Unknown Source)
... Removed 24 stack frames</div></td></tr></table><p class="totop"><a href="#summary">back to summary</a></p></body></html>