<?xml version="1.0" encoding="UTF-8"?>
<testng-results skipped="2" failed="4" total="6" passed="0">
  <reporter-output>
  </reporter-output>
  <suite name="Suite" duration-ms="53356" started-at="2016-07-25T16:59:32Z" finished-at="2016-07-25T17:00:25Z">
    <groups>
    </groups>
    <test name="firefoxTest" duration-ms="19302" started-at="2016-07-25T16:59:32Z" finished-at="2016-07-25T16:59:51Z">
      <class name="TestScripts.Scenario_Search">
        <test-method status="PASS" signature="initialize_Browser(java.lang.String)[pri:0, instance:TestScripts.Scenario_Search@bd1b6a]" name="initialize_Browser" is-config="true" duration-ms="6942" started-at="2016-07-25T22:29:32Z" finished-at="2016-07-25T22:29:39Z">
          <params>
            <param index="0">
              <value>
                <![CDATA[firefox]]>
              </value>
            </param>
          </params>
          <reporter-output>
          </reporter-output>
        </test-method> <!-- initialize_Browser -->
        <test-method status="FAIL" signature="Valid_Search(java.lang.String, java.lang.String, java.lang.String, java.lang.String)[pri:0, instance:TestScripts.Scenario_Search@bd1b6a]" name="Valid_Search" duration-ms="2901" started-at="2016-07-25T22:29:39Z" data-provider="ValidSearch" finished-at="2016-07-25T22:29:42Z">
          <params>
            <param index="0">
              <value>
                <![CDATA[GB_09]]>
              </value>
            </param>
            <param index="1">
              <value>
                <![CDATA[1.0]]>
              </value>
            </param>
            <param index="2">
              <value>
                <![CDATA[Ways]]>
              </value>
            </param>
            <param index="3">
              <value>
                <![CDATA[491.0]]>
              </value>
            </param>
          </params>
          <exception class="java.lang.AssertionError">
            <message>
              <![CDATA[firefox:GB_09:1.0-Failed as Actual result is 493 and expected results is 491.0.]]>
            </message>
            <full-stacktrace>
              <![CDATA[java.lang.AssertionError: firefox:GB_09:1.0-Failed as Actual result is 493 and expected results is 491.0.
	at org.testng.Assert.fail(Assert.java:94)
	at TestScripts.Scenario_Search.Valid_Search(Unknown Source)
	at sun.reflect.NativeMethodAccessorImpl.invoke0(Native Method)
	at sun.reflect.NativeMethodAccessorImpl.invoke(NativeMethodAccessorImpl.java:62)
	at sun.reflect.DelegatingMethodAccessorImpl.invoke(DelegatingMethodAccessorImpl.java:43)
	at java.lang.reflect.Method.invoke(Method.java:498)
	at org.testng.internal.MethodInvocationHelper.invokeMethod(MethodInvocationHelper.java:85)
	at org.testng.internal.Invoker.invokeMethod(Invoker.java:639)
	at org.testng.internal.Invoker.invokeTestMethod(Invoker.java:816)
	at org.testng.internal.Invoker.invokeTestMethods(Invoker.java:1124)
	at org.testng.internal.TestMethodWorker.invokeTestMethods(TestMethodWorker.java:125)
	at org.testng.internal.TestMethodWorker.run(TestMethodWorker.java:108)
	at org.testng.TestRunner.privateRun(TestRunner.java:774)
	at org.testng.TestRunner.run(TestRunner.java:624)
	at org.testng.SuiteRunner.runTest(SuiteRunner.java:359)
	at org.testng.SuiteRunner.runSequentially(SuiteRunner.java:354)
	at org.testng.SuiteRunner.privateRun(SuiteRunner.java:312)
	at org.testng.SuiteRunner.run(SuiteRunner.java:261)
	at org.testng.SuiteRunnerWorker.runSuite(SuiteRunnerWorker.java:52)
	at org.testng.SuiteRunnerWorker.run(SuiteRunnerWorker.java:86)
	at org.testng.TestNG.runSuitesSequentially(TestNG.java:1215)
	at org.testng.TestNG.runSuitesLocally(TestNG.java:1140)
	at org.testng.TestNG.run(TestNG.java:1048)
	at org.testng.TestNG.privateMain(TestNG.java:1355)
	at org.testng.TestNG.main(TestNG.java:1324)
]]>
            </full-stacktrace>
          </exception> <!-- java.lang.AssertionError -->
          <reporter-output>
          </reporter-output>
        </test-method> <!-- Valid_Search -->
        <test-method status="PASS" signature="teardown()[pri:0, instance:TestScripts.Scenario_Search@bd1b6a]" name="teardown" is-config="true" duration-ms="375" started-at="2016-07-25T22:29:42Z" finished-at="2016-07-25T22:29:43Z">
          <reporter-output>
          </reporter-output>
        </test-method> <!-- teardown -->
        <test-method status="PASS" signature="initialize_Browser(java.lang.String)[pri:0, instance:TestScripts.Scenario_Search@bd1b6a]" name="initialize_Browser" is-config="true" duration-ms="6189" started-at="2016-07-25T22:29:43Z" finished-at="2016-07-25T22:29:49Z">
          <params>
            <param index="0">
              <value>
                <![CDATA[firefox]]>
              </value>
            </param>
          </params>
          <reporter-output>
          </reporter-output>
        </test-method> <!-- initialize_Browser -->
        <test-method status="FAIL" signature="Valid_Search(java.lang.String, java.lang.String, java.lang.String, java.lang.String)[pri:0, instance:TestScripts.Scenario_Search@bd1b6a]" name="Valid_Search" duration-ms="1740" started-at="2016-07-25T22:29:49Z" data-provider="ValidSearch" finished-at="2016-07-25T22:29:50Z">
          <params>
            <param index="0">
              <value>
                <![CDATA[GB_10]]>
              </value>
            </param>
            <param index="1">
              <value>
                <![CDATA[1.0]]>
              </value>
            </param>
            <param index="2">
              <value>
                <![CDATA[Chandler]]>
              </value>
            </param>
            <param index="3">
              <value>
                <![CDATA[234.0]]>
              </value>
            </param>
          </params>
          <exception class="java.lang.AssertionError">
            <message>
              <![CDATA[firefox:GB_10:1.0-Failed as Actual result is 432 and expected results is 234.0.]]>
            </message>
            <full-stacktrace>
              <![CDATA[java.lang.AssertionError: firefox:GB_10:1.0-Failed as Actual result is 432 and expected results is 234.0.
	at org.testng.Assert.fail(Assert.java:94)
	at TestScripts.Scenario_Search.Valid_Search(Unknown Source)
	at sun.reflect.NativeMethodAccessorImpl.invoke0(Native Method)
	at sun.reflect.NativeMethodAccessorImpl.invoke(NativeMethodAccessorImpl.java:62)
	at sun.reflect.DelegatingMethodAccessorImpl.invoke(DelegatingMethodAccessorImpl.java:43)
	at java.lang.reflect.Method.invoke(Method.java:498)
	at org.testng.internal.MethodInvocationHelper.invokeMethod(MethodInvocationHelper.java:85)
	at org.testng.internal.Invoker.invokeMethod(Invoker.java:639)
	at org.testng.internal.Invoker.invokeTestMethod(Invoker.java:816)
	at org.testng.internal.Invoker.invokeTestMethods(Invoker.java:1124)
	at org.testng.internal.TestMethodWorker.invokeTestMethods(TestMethodWorker.java:125)
	at org.testng.internal.TestMethodWorker.run(TestMethodWorker.java:108)
	at org.testng.TestRunner.privateRun(TestRunner.java:774)
	at org.testng.TestRunner.run(TestRunner.java:624)
	at org.testng.SuiteRunner.runTest(SuiteRunner.java:359)
	at org.testng.SuiteRunner.runSequentially(SuiteRunner.java:354)
	at org.testng.SuiteRunner.privateRun(SuiteRunner.java:312)
	at org.testng.SuiteRunner.run(SuiteRunner.java:261)
	at org.testng.SuiteRunnerWorker.runSuite(SuiteRunnerWorker.java:52)
	at org.testng.SuiteRunnerWorker.run(SuiteRunnerWorker.java:86)
	at org.testng.TestNG.runSuitesSequentially(TestNG.java:1215)
	at org.testng.TestNG.runSuitesLocally(TestNG.java:1140)
	at org.testng.TestNG.run(TestNG.java:1048)
	at org.testng.TestNG.privateMain(TestNG.java:1355)
	at org.testng.TestNG.main(TestNG.java:1324)
]]>
            </full-stacktrace>
          </exception> <!-- java.lang.AssertionError -->
          <reporter-output>
          </reporter-output>
        </test-method> <!-- Valid_Search -->
        <test-method status="PASS" signature="teardown()[pri:0, instance:TestScripts.Scenario_Search@bd1b6a]" name="teardown" is-config="true" duration-ms="406" started-at="2016-07-25T22:29:50Z" finished-at="2016-07-25T22:29:51Z">
          <reporter-output>
          </reporter-output>
        </test-method> <!-- teardown -->
      </class> <!-- TestScripts.Scenario_Search -->
    </test> <!-- firefoxTest -->
    <test name="IETest" duration-ms="20093" started-at="2016-07-25T16:59:51Z" finished-at="2016-07-25T17:00:11Z">
      <class name="TestScripts.Scenario_Search">
        <test-method status="FAIL" signature="initialize_Browser(java.lang.String)[pri:0, instance:TestScripts.Scenario_Search@c4039c]" name="initialize_Browser" is-config="true" duration-ms="0" started-at="2016-07-25T22:29:51Z" finished-at="2016-07-25T22:29:51Z">
          <params>
            <param index="0">
              <value>
                <![CDATA[ie]]>
              </value>
            </param>
          </params>
          <exception class="org.openqa.selenium.remote.UnreachableBrowserException">
            <message>
              <![CDATA[Could not start a new session. Possible causes are invalid address of the remote server or browser start-up failure.
Build info: version: '2.48.1', revision: 'd80083d8f7b0b0319976ef9712f7a2b531abaceb', time: '2015-10-08 14:16:53'
System info: host: 'DELL-PC', ip: '192.168.0.124', os.name: 'Windows 7', os.arch: 'x86', os.version: '6.1', java.version: '1.8.0_101'
Driver info: driver.version: InternetExplorerDriver]]>
            </message>
            <full-stacktrace>
              <![CDATA[org.openqa.selenium.remote.UnreachableBrowserException: Could not start a new session. Possible causes are invalid address of the remote server or browser start-up failure.
Build info: version: '2.48.1', revision: 'd80083d8f7b0b0319976ef9712f7a2b531abaceb', time: '2015-10-08 14:16:53'
System info: host: 'DELL-PC', ip: '192.168.0.124', os.name: 'Windows 7', os.arch: 'x86', os.version: '6.1', java.version: '1.8.0_101'
Driver info: driver.version: InternetExplorerDriver
	at org.openqa.selenium.remote.RemoteWebDriver.execute(RemoteWebDriver.java:641)
	at org.openqa.selenium.remote.RemoteWebDriver.startSession(RemoteWebDriver.java:247)
	at org.openqa.selenium.remote.RemoteWebDriver.startSession(RemoteWebDriver.java:232)
	at org.openqa.selenium.ie.InternetExplorerDriver.run(InternetExplorerDriver.java:182)
	at org.openqa.selenium.ie.InternetExplorerDriver.<init>(InternetExplorerDriver.java:174)
	at org.openqa.selenium.ie.InternetExplorerDriver.<init>(InternetExplorerDriver.java:146)
	at Generic_library.Baseclass.initialize_Browser(Unknown Source)
	at sun.reflect.NativeMethodAccessorImpl.invoke0(Native Method)
	at sun.reflect.NativeMethodAccessorImpl.invoke(NativeMethodAccessorImpl.java:62)
	at sun.reflect.DelegatingMethodAccessorImpl.invoke(DelegatingMethodAccessorImpl.java:43)
	at java.lang.reflect.Method.invoke(Method.java:498)
	at org.testng.internal.MethodInvocationHelper.invokeMethod(MethodInvocationHelper.java:85)
	at org.testng.internal.Invoker.invokeConfigurationMethod(Invoker.java:510)
	at org.testng.internal.Invoker.invokeConfigurations(Invoker.java:211)
	at org.testng.internal.Invoker.invokeMethod(Invoker.java:585)
	at org.testng.internal.Invoker.invokeTestMethod(Invoker.java:816)
	at org.testng.internal.Invoker.invokeTestMethods(Invoker.java:1124)
	at org.testng.internal.TestMethodWorker.invokeTestMethods(TestMethodWorker.java:125)
	at org.testng.internal.TestMethodWorker.run(TestMethodWorker.java:108)
	at org.testng.TestRunner.privateRun(TestRunner.java:774)
	at org.testng.TestRunner.run(TestRunner.java:624)
	at org.testng.SuiteRunner.runTest(SuiteRunner.java:359)
	at org.testng.SuiteRunner.runSequentially(SuiteRunner.java:354)
	at org.testng.SuiteRunner.privateRun(SuiteRunner.java:312)
	at org.testng.SuiteRunner.run(SuiteRunner.java:261)
	at org.testng.SuiteRunnerWorker.runSuite(SuiteRunnerWorker.java:52)
	at org.testng.SuiteRunnerWorker.run(SuiteRunnerWorker.java:86)
	at org.testng.TestNG.runSuitesSequentially(TestNG.java:1215)
	at org.testng.TestNG.runSuitesLocally(TestNG.java:1140)
	at org.testng.TestNG.run(TestNG.java:1048)
	at org.testng.TestNG.privateMain(TestNG.java:1355)
	at org.testng.TestNG.main(TestNG.java:1324)
Caused by: org.openqa.selenium.WebDriverException: Timed out waiting for driver server to start.
Build info: version: '2.48.1', revision: 'd80083d8f7b0b0319976ef9712f7a2b531abaceb', time: '2015-10-08 14:16:53'
System info: host: 'DELL-PC', ip: '192.168.0.124', os.name: 'Windows 7', os.arch: 'x86', os.version: '6.1', java.version: '1.8.0_101'
Driver info: driver.version: InternetExplorerDriver
	at org.openqa.selenium.remote.service.DriverService.start(DriverService.java:170)
	at org.openqa.selenium.remote.service.DriverCommandExecutor.execute(DriverCommandExecutor.java:78)
	at org.openqa.selenium.remote.RemoteWebDriver.execute(RemoteWebDriver.java:620)
	... 31 more
Caused by: org.openqa.selenium.net.UrlChecker$TimeoutException: Timed out waiting for [http://localhost:15630/status] to be available after 20001 ms
	at org.openqa.selenium.net.UrlChecker.waitUntilAvailable(UrlChecker.java:104)
	at org.openqa.selenium.remote.service.DriverService.start(DriverService.java:167)
	... 33 more
Caused by: com.google.common.util.concurrent.UncheckedTimeoutException: java.util.concurrent.TimeoutException
	at com.google.common.util.concurrent.SimpleTimeLimiter.callWithTimeout(SimpleTimeLimiter.java:143)
	at org.openqa.selenium.net.UrlChecker.waitUntilAvailable(UrlChecker.java:79)
	... 34 more
Caused by: java.util.concurrent.TimeoutException
	at java.util.concurrent.FutureTask.get(FutureTask.java:205)
	at com.google.common.util.concurrent.SimpleTimeLimiter.callWithTimeout(SimpleTimeLimiter.java:130)
	... 35 more
]]>
            </full-stacktrace>
          </exception> <!-- org.openqa.selenium.remote.UnreachableBrowserException -->
          <reporter-output>
          </reporter-output>
        </test-method> <!-- initialize_Browser -->
        <test-method status="SKIP" signature="teardown()[pri:0, instance:TestScripts.Scenario_Search@c4039c]" name="teardown" is-config="true" duration-ms="0" started-at="2016-07-25T22:30:11Z" finished-at="2016-07-25T22:30:11Z">
          <reporter-output>
          </reporter-output>
        </test-method> <!-- teardown -->
        <test-method status="SKIP" signature="Valid_Search(java.lang.String, java.lang.String, java.lang.String, java.lang.String)[pri:0, instance:TestScripts.Scenario_Search@c4039c]" name="Valid_Search" duration-ms="0" started-at="2016-07-25T22:30:11Z" data-provider="ValidSearch" finished-at="2016-07-25T22:30:11Z">
          <params>
            <param index="0">
              <value>
                <![CDATA[GB_09]]>
              </value>
            </param>
            <param index="1">
              <value>
                <![CDATA[1.0]]>
              </value>
            </param>
            <param index="2">
              <value>
                <![CDATA[Ways]]>
              </value>
            </param>
            <param index="3">
              <value>
                <![CDATA[491.0]]>
              </value>
            </param>
          </params>
          <reporter-output>
          </reporter-output>
        </test-method> <!-- Valid_Search -->
        <test-method status="SKIP" signature="teardown()[pri:0, instance:TestScripts.Scenario_Search@c4039c]" name="teardown" is-config="true" duration-ms="0" started-at="2016-07-25T22:30:11Z" finished-at="2016-07-25T22:30:11Z">
          <reporter-output>
          </reporter-output>
        </test-method> <!-- teardown -->
        <test-method status="SKIP" signature="Valid_Search(java.lang.String, java.lang.String, java.lang.String, java.lang.String)[pri:0, instance:TestScripts.Scenario_Search@c4039c]" name="Valid_Search" duration-ms="0" started-at="2016-07-25T22:30:11Z" data-provider="ValidSearch" finished-at="2016-07-25T22:30:11Z">
          <params>
            <param index="0">
              <value>
                <![CDATA[GB_10]]>
              </value>
            </param>
            <param index="1">
              <value>
                <![CDATA[1.0]]>
              </value>
            </param>
            <param index="2">
              <value>
                <![CDATA[Chandler]]>
              </value>
            </param>
            <param index="3">
              <value>
                <![CDATA[234.0]]>
              </value>
            </param>
          </params>
          <reporter-output>
          </reporter-output>
        </test-method> <!-- Valid_Search -->
        <test-method status="SKIP" signature="initialize_Browser(java.lang.String)[pri:0, instance:TestScripts.Scenario_Search@c4039c]" name="initialize_Browser" is-config="true" duration-ms="0" started-at="2016-07-25T22:30:11Z" finished-at="2016-07-25T22:30:11Z">
          <reporter-output>
          </reporter-output>
        </test-method> <!-- initialize_Browser -->
      </class> <!-- TestScripts.Scenario_Search -->
    </test> <!-- IETest -->
    <test name="Chrometest" duration-ms="13946" started-at="2016-07-25T17:00:11Z" finished-at="2016-07-25T17:00:25Z">
      <class name="TestScripts.Scenario_Search">
        <test-method status="PASS" signature="initialize_Browser(java.lang.String)[pri:0, instance:TestScripts.Scenario_Search@6fa38a]" name="initialize_Browser" is-config="true" duration-ms="3376" started-at="2016-07-25T22:30:11Z" finished-at="2016-07-25T22:30:14Z">
          <params>
            <param index="0">
              <value>
                <![CDATA[chrome]]>
              </value>
            </param>
          </params>
          <reporter-output>
          </reporter-output>
        </test-method> <!-- initialize_Browser -->
        <test-method status="FAIL" signature="Valid_Search(java.lang.String, java.lang.String, java.lang.String, java.lang.String)[pri:0, instance:TestScripts.Scenario_Search@6fa38a]" name="Valid_Search" duration-ms="2152" started-at="2016-07-25T22:30:14Z" data-provider="ValidSearch" finished-at="2016-07-25T22:30:17Z">
          <params>
            <param index="0">
              <value>
                <![CDATA[GB_09]]>
              </value>
            </param>
            <param index="1">
              <value>
                <![CDATA[1.0]]>
              </value>
            </param>
            <param index="2">
              <value>
                <![CDATA[Ways]]>
              </value>
            </param>
            <param index="3">
              <value>
                <![CDATA[491.0]]>
              </value>
            </param>
          </params>
          <exception class="java.lang.AssertionError">
            <message>
              <![CDATA[chrome:GB_09:1.0-Failed as Actual result is 493 and expected results is 491.0.]]>
            </message>
            <full-stacktrace>
              <![CDATA[java.lang.AssertionError: chrome:GB_09:1.0-Failed as Actual result is 493 and expected results is 491.0.
	at org.testng.Assert.fail(Assert.java:94)
	at TestScripts.Scenario_Search.Valid_Search(Unknown Source)
	at sun.reflect.NativeMethodAccessorImpl.invoke0(Native Method)
	at sun.reflect.NativeMethodAccessorImpl.invoke(NativeMethodAccessorImpl.java:62)
	at sun.reflect.DelegatingMethodAccessorImpl.invoke(DelegatingMethodAccessorImpl.java:43)
	at java.lang.reflect.Method.invoke(Method.java:498)
	at org.testng.internal.MethodInvocationHelper.invokeMethod(MethodInvocationHelper.java:85)
	at org.testng.internal.Invoker.invokeMethod(Invoker.java:639)
	at org.testng.internal.Invoker.invokeTestMethod(Invoker.java:816)
	at org.testng.internal.Invoker.invokeTestMethods(Invoker.java:1124)
	at org.testng.internal.TestMethodWorker.invokeTestMethods(TestMethodWorker.java:125)
	at org.testng.internal.TestMethodWorker.run(TestMethodWorker.java:108)
	at org.testng.TestRunner.privateRun(TestRunner.java:774)
	at org.testng.TestRunner.run(TestRunner.java:624)
	at org.testng.SuiteRunner.runTest(SuiteRunner.java:359)
	at org.testng.SuiteRunner.runSequentially(SuiteRunner.java:354)
	at org.testng.SuiteRunner.privateRun(SuiteRunner.java:312)
	at org.testng.SuiteRunner.run(SuiteRunner.java:261)
	at org.testng.SuiteRunnerWorker.runSuite(SuiteRunnerWorker.java:52)
	at org.testng.SuiteRunnerWorker.run(SuiteRunnerWorker.java:86)
	at org.testng.TestNG.runSuitesSequentially(TestNG.java:1215)
	at org.testng.TestNG.runSuitesLocally(TestNG.java:1140)
	at org.testng.TestNG.run(TestNG.java:1048)
	at org.testng.TestNG.privateMain(TestNG.java:1355)
	at org.testng.TestNG.main(TestNG.java:1324)
]]>
            </full-stacktrace>
          </exception> <!-- java.lang.AssertionError -->
          <reporter-output>
          </reporter-output>
        </test-method> <!-- Valid_Search -->
        <test-method status="PASS" signature="teardown()[pri:0, instance:TestScripts.Scenario_Search@6fa38a]" name="teardown" is-config="true" duration-ms="1348" started-at="2016-07-25T22:30:17Z" finished-at="2016-07-25T22:30:18Z">
          <reporter-output>
          </reporter-output>
        </test-method> <!-- teardown -->
        <test-method status="PASS" signature="initialize_Browser(java.lang.String)[pri:0, instance:TestScripts.Scenario_Search@6fa38a]" name="initialize_Browser" is-config="true" duration-ms="3633" started-at="2016-07-25T22:30:18Z" finished-at="2016-07-25T22:30:22Z">
          <params>
            <param index="0">
              <value>
                <![CDATA[chrome]]>
              </value>
            </param>
          </params>
          <reporter-output>
          </reporter-output>
        </test-method> <!-- initialize_Browser -->
        <test-method status="FAIL" signature="Valid_Search(java.lang.String, java.lang.String, java.lang.String, java.lang.String)[pri:0, instance:TestScripts.Scenario_Search@6fa38a]" name="Valid_Search" duration-ms="2042" started-at="2016-07-25T22:30:22Z" data-provider="ValidSearch" finished-at="2016-07-25T22:30:24Z">
          <params>
            <param index="0">
              <value>
                <![CDATA[GB_10]]>
              </value>
            </param>
            <param index="1">
              <value>
                <![CDATA[1.0]]>
              </value>
            </param>
            <param index="2">
              <value>
                <![CDATA[Chandler]]>
              </value>
            </param>
            <param index="3">
              <value>
                <![CDATA[234.0]]>
              </value>
            </param>
          </params>
          <exception class="java.lang.AssertionError">
            <message>
              <![CDATA[chrome:GB_10:1.0-Failed as Actual result is 432 and expected results is 234.0.]]>
            </message>
            <full-stacktrace>
              <![CDATA[java.lang.AssertionError: chrome:GB_10:1.0-Failed as Actual result is 432 and expected results is 234.0.
	at org.testng.Assert.fail(Assert.java:94)
	at TestScripts.Scenario_Search.Valid_Search(Unknown Source)
	at sun.reflect.NativeMethodAccessorImpl.invoke0(Native Method)
	at sun.reflect.NativeMethodAccessorImpl.invoke(NativeMethodAccessorImpl.java:62)
	at sun.reflect.DelegatingMethodAccessorImpl.invoke(DelegatingMethodAccessorImpl.java:43)
	at java.lang.reflect.Method.invoke(Method.java:498)
	at org.testng.internal.MethodInvocationHelper.invokeMethod(MethodInvocationHelper.java:85)
	at org.testng.internal.Invoker.invokeMethod(Invoker.java:639)
	at org.testng.internal.Invoker.invokeTestMethod(Invoker.java:816)
	at org.testng.internal.Invoker.invokeTestMethods(Invoker.java:1124)
	at org.testng.internal.TestMethodWorker.invokeTestMethods(TestMethodWorker.java:125)
	at org.testng.internal.TestMethodWorker.run(TestMethodWorker.java:108)
	at org.testng.TestRunner.privateRun(TestRunner.java:774)
	at org.testng.TestRunner.run(TestRunner.java:624)
	at org.testng.SuiteRunner.runTest(SuiteRunner.java:359)
	at org.testng.SuiteRunner.runSequentially(SuiteRunner.java:354)
	at org.testng.SuiteRunner.privateRun(SuiteRunner.java:312)
	at org.testng.SuiteRunner.run(SuiteRunner.java:261)
	at org.testng.SuiteRunnerWorker.runSuite(SuiteRunnerWorker.java:52)
	at org.testng.SuiteRunnerWorker.run(SuiteRunnerWorker.java:86)
	at org.testng.TestNG.runSuitesSequentially(TestNG.java:1215)
	at org.testng.TestNG.runSuitesLocally(TestNG.java:1140)
	at org.testng.TestNG.run(TestNG.java:1048)
	at org.testng.TestNG.privateMain(TestNG.java:1355)
	at org.testng.TestNG.main(TestNG.java:1324)
]]>
            </full-stacktrace>
          </exception> <!-- java.lang.AssertionError -->
          <reporter-output>
          </reporter-output>
        </test-method> <!-- Valid_Search -->
        <test-method status="PASS" signature="teardown()[pri:0, instance:TestScripts.Scenario_Search@6fa38a]" name="teardown" is-config="true" duration-ms="1348" started-at="2016-07-25T22:30:24Z" finished-at="2016-07-25T22:30:25Z">
          <reporter-output>
          </reporter-output>
        </test-method> <!-- teardown -->
      </class> <!-- TestScripts.Scenario_Search -->
    </test> <!-- Chrometest -->
  </suite> <!-- Suite -->
</testng-results>
